<?xml version="1.0" encoding="UTF-8"?>
<coverage generated="1781094753059" clover="3.2.0">
  <project timestamp="1781094753059" name="All files">
    <metrics statements="6" coveredstatements="6" conditionals="4" coveredconditionals="3" methods="4" coveredmethods="4" elements="14" coveredelements="13" complexity="0" loc="6" ncloc="6" packages="1" files="1" classes="1"/>
    <file name="calculator.js" path="C:\Users\Lenovo\.gemini\antigravity\scratch\Carbon-Footprint-Awareness-Platform\src\calculator.js">
      <metrics statements="6" coveredstatements="6" conditionals="4" coveredconditionals="3" methods="4" coveredmethods="4"/>
      <line num="5" count="1" type="stmt"/>
      <line num="35" count="2" type="stmt"/>
      <line num="54" count="2" type="cond" truecount="2" falsecount="0"/>
      <line num="59" count="2" type="stmt"/>
      <line num="73" count="2" type="stmt"/>
      <line num="92" count="2" type="stmt"/>
    </file>
  </project>
</coverage>
