{"C:\\Users\\Lenovo\\.gemini\\antigravity\\scratch\\Carbon-Footprint-Awareness-Platform\\database.js": {"path":"C:\\Users\\Lenovo\\.gemini\\antigravity\\scratch\\Carbon-Footprint-Awareness-Platform\\database.js","statementMap":{"0":{"start":{"line":10,"column":19},"end":{"line":10,"column":49}},"1":{"start":{"line":11,"column":18},"end":{"line":11,"column":42}},"2":{"start":{"line":14,"column":11},"end":{"line":14,"column":60}},"3":{"start":{"line":17,"column":0},"end":{"line":17,"column":32}},"4":{"start":{"line":19,"column":0},"end":{"line":19,"column":34}},"5":{"start":{"line":22,"column":0},"end":{"line":35,"column":3}}},"fnMap":{},"branchMap":{},"s":{"0":1,"1":1,"2":1,"3":1,"4":1,"5":1},"f":{},"b":{},"inputSourceMap":null,"_coverageSchema":"1a1c01bbd47fc00a2c39e90264f33305004495a9","hash":"8d65ca7e334be49a58ad346cf7ce0775c5b7baef"}
,"C:\\Users\\Lenovo\\.gemini\\antigravity\\scratch\\Carbon-Footprint-Awareness-Platform\\server.js": {"path":"C:\\Users\\Lenovo\\.gemini\\antigravity\\scratch\\Carbon-Footprint-Awareness-Platform\\server.js","statementMap":{"0":{"start":{"line":13,"column":0},"end":{"line":15,"column":3}},"1":{"start":{"line":14,"column":2},"end":{"line":14,"column":71}},"2":{"start":{"line":16,"column":0},"end":{"line":19,"column":3}},"3":{"start":{"line":17,"column":2},"end":{"line":17,"column":44}},"4":{"start":{"line":18,"column":2},"end":{"line":18,"column":18}},"5":{"start":{"line":21,"column":19},"end":{"line":21,"column":49}},"6":{"start":{"line":22,"column":18},"end":{"line":22,"column":42}},"7":{"start":{"line":24,"column":12},"end":{"line":24,"column":21}},"8":{"start":{"line":27,"column":0},"end":{"line":27,"column":24}},"9":{"start":{"line":28,"column":0},"end":{"line":40,"column":3}},"10":{"start":{"line":29,"column":2},"end":{"line":29,"column":63}},"11":{"start":{"line":32,"column":2},"end":{"line":38,"column":3}},"12":{"start":{"line":33,"column":4},"end":{"line":37,"column":7}},"13":{"start":{"line":39,"column":2},"end":{"line":39,"column":9}},"14":{"start":{"line":42,"column":0},"end":{"line":53,"column":4}},"15":{"start":{"line":46,"column":42},"end":{"line":46,"column":71}},"16":{"start":{"line":47,"column":41},"end":{"line":47,"column":70}},"17":{"start":{"line":56,"column":0},"end":{"line":56,"column":42}},"18":{"start":{"line":59,"column":0},"end":{"line":68,"column":3}},"19":{"start":{"line":60,"column":2},"end":{"line":66,"column":3}},"20":{"start":{"line":61,"column":24},"end":{"line":61,"column":45}},"21":{"start":{"line":62,"column":24},"end":{"line":62,"column":51}},"22":{"start":{"line":63,"column":4},"end":{"line":65,"column":5}},"23":{"start":{"line":64,"column":6},"end":{"line":64,"column":69}},"24":{"start":{"line":67,"column":2},"end":{"line":67,"column":9}},"25":{"start":{"line":71,"column":0},"end":{"line":71,"column":28}},"26":{"start":{"line":72,"column":0},"end":{"line":72,"column":27}},"27":{"start":{"line":75,"column":0},"end":{"line":83,"column":3}},"28":{"start":{"line":76,"column":2},"end":{"line":82,"column":3}},"29":{"start":{"line":77,"column":15},"end":{"line":77,"column":84}},"30":{"start":{"line":78,"column":4},"end":{"line":78,"column":64}},"31":{"start":{"line":79,"column":4},"end":{"line":79,"column":19}},"32":{"start":{"line":81,"column":4},"end":{"line":81,"column":43}},"33":{"start":{"line":86,"column":0},"end":{"line":89,"column":4}},"34":{"start":{"line":91,"column":13},"end":{"line":91,"column":37}},"35":{"start":{"line":92,"column":22},"end":{"line":94,"column":2}},"36":{"start":{"line":93,"column":2},"end":{"line":93,"column":48}}},"fnMap":{"0":{"name":"(anonymous_0)","decl":{"start":{"line":13,"column":33},"end":{"line":13,"column":34}},"loc":{"start":{"line":13,"column":54},"end":{"line":15,"column":1}},"line":13},"1":{"name":"(anonymous_1)","decl":{"start":{"line":16,"column":32},"end":{"line":16,"column":33}},"loc":{"start":{"line":16,"column":41},"end":{"line":19,"column":1}},"line":16},"2":{"name":"(anonymous_2)","decl":{"start":{"line":28,"column":8},"end":{"line":28,"column":9}},"loc":{"start":{"line":28,"column":28},"end":{"line":40,"column":1}},"line":28},"3":{"name":"(anonymous_3)","decl":{"start":{"line":46,"column":28},"end":{"line":46,"column":29}},"loc":{"start":{"line":46,"column":42},"end":{"line":46,"column":71}},"line":46},"4":{"name":"(anonymous_4)","decl":{"start":{"line":47,"column":27},"end":{"line":47,"column":28}},"loc":{"start":{"line":47,"column":41},"end":{"line":47,"column":70}},"line":47},"5":{"name":"(anonymous_5)","decl":{"start":{"line":59,"column":8},"end":{"line":59,"column":9}},"loc":{"start":{"line":59,"column":28},"end":{"line":68,"column":1}},"line":59},"6":{"name":"(anonymous_6)","decl":{"start":{"line":75,"column":13},"end":{"line":75,"column":14}},"loc":{"start":{"line":75,"column":33},"end":{"line":83,"column":1}},"line":75},"7":{"name":"(anonymous_7)","decl":{"start":{"line":92,"column":39},"end":{"line":92,"column":40}},"loc":{"start":{"line":92,"column":45},"end":{"line":94,"column":1}},"line":92}},"branchMap":{"0":{"loc":{"start":{"line":32,"column":2},"end":{"line":38,"column":3}},"type":"if","locations":[{"start":{"line":32,"column":2},"end":{"line":38,"column":3}},{"start":{},"end":{}}],"line":32},"1":{"loc":{"start":{"line":35,"column":14},"end":{"line":35,"column":113}},"type":"binary-expr","locations":[{"start":{"line":35,"column":14},"end":{"line":35,"column":51}},{"start":{"line":35,"column":55},"end":{"line":35,"column":65}},{"start":{"line":35,"column":69},"end":{"line":35,"column":113}}],"line":35},"2":{"loc":{"start":{"line":60,"column":2},"end":{"line":66,"column":3}},"type":"if","locations":[{"start":{"line":60,"column":2},"end":{"line":66,"column":3}},{"start":{},"end":{}}],"line":60},"3":{"loc":{"start":{"line":63,"column":4},"end":{"line":65,"column":5}},"type":"if","locations":[{"start":{"line":63,"column":4},"end":{"line":65,"column":5}},{"start":{},"end":{}}],"line":63},"4":{"loc":{"start":{"line":63,"column":8},"end":{"line":63,"column":67}},"type":"binary-expr","locations":[{"start":{"line":63,"column":8},"end":{"line":63,"column":20}},{"start":{"line":63,"column":24},"end":{"line":63,"column":36}},{"start":{"line":63,"column":40},"end":{"line":63,"column":67}}],"line":63},"5":{"loc":{"start":{"line":91,"column":13},"end":{"line":91,"column":37}},"type":"binary-expr","locations":[{"start":{"line":91,"column":13},"end":{"line":91,"column":29}},{"start":{"line":91,"column":33},"end":{"line":91,"column":37}}],"line":91}},"s":{"0":1,"1":0,"2":1,"3":0,"4":0,"5":1,"6":1,"7":1,"8":1,"9":1,"10":47,"11":47,"12":28,"13":47,"14":1,"15":47,"16":47,"17":1,"18":1,"19":45,"20":18,"21":18,"22":18,"23":1,"24":44,"25":1,"26":1,"27":1,"28":19,"29":19,"30":19,"31":19,"32":0,"33":1,"34":1,"35":1,"36":1},"f":{"0":0,"1":0,"2":47,"3":47,"4":47,"5":45,"6":19,"7":1},"b":{"0":[28,19],"1":[28,28,28],"2":[18,27],"3":[1,17],"4":[18,17,17],"5":[1,1]},"inputSourceMap":null,"_coverageSchema":"1a1c01bbd47fc00a2c39e90264f33305004495a9","hash":"3de7546f7a2c252aa4aa0dc28adceed9e04f6a49"}
,"C:\\Users\\Lenovo\\.gemini\\antigravity\\scratch\\Carbon-Footprint-Awareness-Platform\\public\\src\\auth.js": {"path":"C:\\Users\\Lenovo\\.gemini\\antigravity\\scratch\\Carbon-Footprint-Awareness-Platform\\public\\src\\auth.js","statementMap":{"0":{"start":{"line":13,"column":15},"end":{"line":18,"column":4}},"1":{"start":{"line":19,"column":2},"end":{"line":22,"column":3}},"2":{"start":{"line":20,"column":17},"end":{"line":20,"column":34}},"3":{"start":{"line":21,"column":4},"end":{"line":21,"column":52}},"4":{"start":{"line":23,"column":2},"end":{"line":23,"column":27}},"5":{"start":{"line":37,"column":15},"end":{"line":37,"column":48}},"6":{"start":{"line":38,"column":15},"end":{"line":43,"column":4}},"7":{"start":{"line":44,"column":2},"end":{"line":47,"column":3}},"8":{"start":{"line":45,"column":17},"end":{"line":45,"column":34}},"9":{"start":{"line":46,"column":4},"end":{"line":46,"column":53}},"10":{"start":{"line":48,"column":2},"end":{"line":48,"column":27}},"11":{"start":{"line":56,"column":2},"end":{"line":56,"column":73}},"12":{"start":{"line":65,"column":15},"end":{"line":65,"column":65}},"13":{"start":{"line":66,"column":2},"end":{"line":66,"column":28}},"14":{"start":{"line":66,"column":16},"end":{"line":66,"column":28}},"15":{"start":{"line":67,"column":2},"end":{"line":67,"column":27}}},"fnMap":{"0":{"name":"login","decl":{"start":{"line":12,"column":22},"end":{"line":12,"column":27}},"loc":{"start":{"line":12,"column":45},"end":{"line":24,"column":1}},"line":12},"1":{"name":"signup","decl":{"start":{"line":36,"column":22},"end":{"line":36,"column":28}},"loc":{"start":{"line":36,"column":68},"end":{"line":49,"column":1}},"line":36},"2":{"name":"logout","decl":{"start":{"line":55,"column":22},"end":{"line":55,"column":28}},"loc":{"start":{"line":55,"column":31},"end":{"line":57,"column":1}},"line":55},"3":{"name":"getCurrentUser","decl":{"start":{"line":64,"column":22},"end":{"line":64,"column":36}},"loc":{"start":{"line":64,"column":39},"end":{"line":68,"column":1}},"line":64}},"branchMap":{"0":{"loc":{"start":{"line":19,"column":2},"end":{"line":22,"column":3}},"type":"if","locations":[{"start":{"line":19,"column":2},"end":{"line":22,"column":3}},{"start":{},"end":{}}],"line":19},"1":{"loc":{"start":{"line":21,"column":20},"end":{"line":21,"column":50}},"type":"binary-expr","locations":[{"start":{"line":21,"column":20},"end":{"line":21,"column":32}},{"start":{"line":21,"column":36},"end":{"line":21,"column":50}}],"line":21},"2":{"loc":{"start":{"line":37,"column":15},"end":{"line":37,"column":48}},"type":"cond-expr","locations":[{"start":{"line":37,"column":22},"end":{"line":37,"column":40}},{"start":{"line":37,"column":43},"end":{"line":37,"column":48}}],"line":37},"3":{"loc":{"start":{"line":44,"column":2},"end":{"line":47,"column":3}},"type":"if","locations":[{"start":{"line":44,"column":2},"end":{"line":47,"column":3}},{"start":{},"end":{}}],"line":44},"4":{"loc":{"start":{"line":46,"column":20},"end":{"line":46,"column":51}},"type":"binary-expr","locations":[{"start":{"line":46,"column":20},"end":{"line":46,"column":32}},{"start":{"line":46,"column":36},"end":{"line":46,"column":51}}],"line":46},"5":{"loc":{"start":{"line":66,"column":2},"end":{"line":66,"column":28}},"type":"if","locations":[{"start":{"line":66,"column":2},"end":{"line":66,"column":28}},{"start":{},"end":{}}],"line":66}},"s":{"0":2,"1":2,"2":1,"3":1,"4":1,"5":3,"6":3,"7":3,"8":1,"9":1,"10":2,"11":1,"12":2,"13":2,"14":1,"15":1},"f":{"0":2,"1":3,"2":1,"3":2},"b":{"0":[1,1],"1":[1,0],"2":[2,1],"3":[1,2],"4":[1,0],"5":[1,1]},"inputSourceMap":null,"_coverageSchema":"1a1c01bbd47fc00a2c39e90264f33305004495a9","hash":"4cbc0e1affd63e88d9a892ca92e16f661bb67b30"}
,"C:\\Users\\Lenovo\\.gemini\\antigravity\\scratch\\Carbon-Footprint-Awareness-Platform\\public\\src\\calculator.js": {"path":"C:\\Users\\Lenovo\\.gemini\\antigravity\\scratch\\Carbon-Footprint-Awareness-Platform\\public\\src\\calculator.js","statementMap":{"0":{"start":{"line":5,"column":18},"end":{"line":23,"column":1}},"1":{"start":{"line":35,"column":2},"end":{"line":40,"column":4}},"2":{"start":{"line":54,"column":4},"end":{"line":58,"column":30}},"3":{"start":{"line":59,"column":2},"end":{"line":59,"column":100}},"4":{"start":{"line":73,"column":2},"end":{"line":80,"column":4}},"5":{"start":{"line":92,"column":2},"end":{"line":96,"column":4}}},"fnMap":{"0":{"name":"calculateTransportCO2","decl":{"start":{"line":34,"column":16},"end":{"line":34,"column":37}},"loc":{"start":{"line":34,"column":92},"end":{"line":41,"column":1}},"line":34},"1":{"name":"calculateEnergyCO2","decl":{"start":{"line":52,"column":16},"end":{"line":52,"column":34}},"loc":{"start":{"line":52,"column":91},"end":{"line":60,"column":1}},"line":52},"2":{"name":"calculateFoodCO2","decl":{"start":{"line":72,"column":16},"end":{"line":72,"column":32}},"loc":{"start":{"line":72,"column":90},"end":{"line":81,"column":1}},"line":72},"3":{"name":"calculateWasteCO2","decl":{"start":{"line":91,"column":16},"end":{"line":91,"column":33}},"loc":{"start":{"line":91,"column":89},"end":{"line":97,"column":1}},"line":91}},"branchMap":{"0":{"loc":{"start":{"line":54,"column":4},"end":{"line":58,"column":30}},"type":"cond-expr","locations":[{"start":{"line":55,"column":8},"end":{"line":55,"column":23}},{"start":{"line":56,"column":8},"end":{"line":58,"column":30}}],"line":54},"1":{"loc":{"start":{"line":56,"column":8},"end":{"line":58,"column":30}},"type":"cond-expr","locations":[{"start":{"line":57,"column":10},"end":{"line":57,"column":28}},{"start":{"line":58,"column":10},"end":{"line":58,"column":30}}],"line":56}},"s":{"0":1,"1":15,"2":14,"3":14,"4":11,"5":12},"f":{"0":15,"1":14,"2":11,"3":12},"b":{"0":[11,3],"1":[1,2]},"inputSourceMap":null,"_coverageSchema":"1a1c01bbd47fc00a2c39e90264f33305004495a9","hash":"ea4603a308c124a0bce3479efdf7c4638f02e704"}
,"C:\\Users\\Lenovo\\.gemini\\antigravity\\scratch\\Carbon-Footprint-Awareness-Platform\\public\\src\\charts.js": {"path":"C:\\Users\\Lenovo\\.gemini\\antigravity\\scratch\\Carbon-Footprint-Awareness-Platform\\public\\src\\charts.js","statementMap":{"0":{"start":{"line":11,"column":22},"end":{"line":11,"column":24}},"1":{"start":{"line":21,"column":2},"end":{"line":21,"column":37}},"2":{"start":{"line":22,"column":2},"end":{"line":22,"column":43}},"3":{"start":{"line":32,"column":17},"end":{"line":32,"column":63}},"4":{"start":{"line":33,"column":2},"end":{"line":38,"column":5}},"5":{"start":{"line":34,"column":4},"end":{"line":34,"column":41}},"6":{"start":{"line":35,"column":4},"end":{"line":35,"column":35}},"7":{"start":{"line":36,"column":4},"end":{"line":36,"column":31}},"8":{"start":{"line":37,"column":4},"end":{"line":37,"column":33}},"9":{"start":{"line":39,"column":16},"end":{"line":39,"column":64}},"10":{"start":{"line":39,"column":55},"end":{"line":39,"column":60}},"11":{"start":{"line":41,"column":2},"end":{"line":41,"column":75}},"12":{"start":{"line":43,"column":17},"end":{"line":43,"column":57}},"13":{"start":{"line":44,"column":2},"end":{"line":44,"column":213}},"14":{"start":{"line":46,"column":14},"end":{"line":46,"column":37}},"15":{"start":{"line":47,"column":15},"end":{"line":47,"column":75}},"16":{"start":{"line":48,"column":17},"end":{"line":48,"column":61}},"17":{"start":{"line":49,"column":17},"end":{"line":49,"column":57}},"18":{"start":{"line":51,"column":2},"end":{"line":51,"column":59}},"19":{"start":{"line":51,"column":28},"end":{"line":51,"column":59}},"20":{"start":{"line":52,"column":2},"end":{"line":73,"column":5}},"21":{"start":{"line":76,"column":19},"end":{"line":76,"column":57}},"22":{"start":{"line":77,"column":2},"end":{"line":79,"column":15}},"23":{"start":{"line":78,"column":19},"end":{"line":78,"column":131}},"24":{"start":{"line":89,"column":14},"end":{"line":89,"column":24}},"25":{"start":{"line":90,"column":15},"end":{"line":90,"column":28}},"26":{"start":{"line":91,"column":2},"end":{"line":93,"column":52}},"27":{"start":{"line":91,"column":41},"end":{"line":91,"column":80}},"28":{"start":{"line":92,"column":7},"end":{"line":93,"column":52}},"29":{"start":{"line":92,"column":48},"end":{"line":92,"column":87}},"30":{"start":{"line":93,"column":7},"end":{"line":93,"column":52}},"31":{"start":{"line":94,"column":2},"end":{"line":94,"column":62}},"32":{"start":{"line":94,"column":34},"end":{"line":94,"column":60}},"33":{"start":{"line":99,"column":15},"end":{"line":99,"column":32}},"34":{"start":{"line":100,"column":17},"end":{"line":100,"column":52}},"35":{"start":{"line":100,"column":33},"end":{"line":100,"column":51}},"36":{"start":{"line":101,"column":15},"end":{"line":101,"column":39}},"37":{"start":{"line":101,"column":31},"end":{"line":101,"column":38}},"38":{"start":{"line":103,"column":17},"end":{"line":103,"column":54}},"39":{"start":{"line":104,"column":2},"end":{"line":104,"column":84}},"40":{"start":{"line":105,"column":14},"end":{"line":105,"column":37}},"41":{"start":{"line":106,"column":2},"end":{"line":106,"column":53}},"42":{"start":{"line":106,"column":25},"end":{"line":106,"column":53}},"43":{"start":{"line":108,"column":2},"end":{"line":138,"column":5}},"44":{"start":{"line":131,"column":48},"end":{"line":131,"column":84}},"45":{"start":{"line":135,"column":120},"end":{"line":135,"column":129}},"46":{"start":{"line":140,"column":2},"end":{"line":146,"column":3}},"47":{"start":{"line":141,"column":16},"end":{"line":141,"column":80}},"48":{"start":{"line":142,"column":15},"end":{"line":142,"column":56}},"49":{"start":{"line":143,"column":4},"end":{"line":143,"column":86}},"50":{"start":{"line":144,"column":4},"end":{"line":144,"column":85}},"51":{"start":{"line":145,"column":4},"end":{"line":145,"column":54}},"52":{"start":{"line":151,"column":15},"end":{"line":151,"column":32}},"53":{"start":{"line":152,"column":17},"end":{"line":152,"column":63}},"54":{"start":{"line":153,"column":2},"end":{"line":158,"column":5}},"55":{"start":{"line":154,"column":4},"end":{"line":154,"column":41}},"56":{"start":{"line":155,"column":4},"end":{"line":155,"column":35}},"57":{"start":{"line":156,"column":4},"end":{"line":156,"column":31}},"58":{"start":{"line":157,"column":4},"end":{"line":157,"column":33}},"59":{"start":{"line":160,"column":17},"end":{"line":160,"column":60}},"60":{"start":{"line":161,"column":2},"end":{"line":161,"column":105}},"61":{"start":{"line":162,"column":14},"end":{"line":162,"column":37}},"62":{"start":{"line":163,"column":2},"end":{"line":163,"column":65}},"63":{"start":{"line":163,"column":31},"end":{"line":163,"column":65}},"64":{"start":{"line":165,"column":2},"end":{"line":186,"column":5}},"65":{"start":{"line":183,"column":120},"end":{"line":183,"column":129}},"66":{"start":{"line":191,"column":15},"end":{"line":191,"column":32}},"67":{"start":{"line":192,"column":17},"end":{"line":192,"column":29}},"68":{"start":{"line":193,"column":2},"end":{"line":198,"column":5}},"69":{"start":{"line":194,"column":4},"end":{"line":194,"column":34}},"70":{"start":{"line":195,"column":4},"end":{"line":195,"column":31}},"71":{"start":{"line":196,"column":4},"end":{"line":196,"column":29}},"72":{"start":{"line":197,"column":4},"end":{"line":197,"column":30}},"73":{"start":{"line":199,"column":16},"end":{"line":199,"column":49}},"74":{"start":{"line":199,"column":40},"end":{"line":199,"column":45}},"75":{"start":{"line":201,"column":17},"end":{"line":201,"column":58}},"76":{"start":{"line":202,"column":2},"end":{"line":202,"column":98}},"77":{"start":{"line":203,"column":14},"end":{"line":203,"column":37}},"78":{"start":{"line":204,"column":2},"end":{"line":204,"column":61}},"79":{"start":{"line":204,"column":29},"end":{"line":204,"column":61}},"80":{"start":{"line":206,"column":2},"end":{"line":223,"column":5}},"81":{"start":{"line":228,"column":15},"end":{"line":228,"column":32}},"82":{"start":{"line":229,"column":2},"end":{"line":229,"column":71}},"83":{"start":{"line":230,"column":2},"end":{"line":230,"column":32}},"84":{"start":{"line":230,"column":25},"end":{"line":230,"column":32}},"85":{"start":{"line":232,"column":15},"end":{"line":232,"column":61}},"86":{"start":{"line":232,"column":40},"end":{"line":232,"column":57}},"87":{"start":{"line":233,"column":2},"end":{"line":233,"column":110}},"88":{"start":{"line":235,"column":20},"end":{"line":235,"column":66}},"89":{"start":{"line":236,"column":2},"end":{"line":241,"column":5}},"90":{"start":{"line":237,"column":4},"end":{"line":237,"column":44}},"91":{"start":{"line":238,"column":4},"end":{"line":238,"column":38}},"92":{"start":{"line":239,"column":4},"end":{"line":239,"column":34}},"93":{"start":{"line":240,"column":4},"end":{"line":240,"column":36}},"94":{"start":{"line":242,"column":17},"end":{"line":242,"column":73}},"95":{"start":{"line":242,"column":58},"end":{"line":242,"column":69}},"96":{"start":{"line":243,"column":2},"end":{"line":243,"column":98}},"97":{"start":{"line":245,"column":22},"end":{"line":245,"column":59}},"98":{"start":{"line":245,"column":44},"end":{"line":245,"column":55}},"99":{"start":{"line":246,"column":19},"end":{"line":246,"column":36}},"100":{"start":{"line":247,"column":16},"end":{"line":247,"column":38}},"101":{"start":{"line":248,"column":2},"end":{"line":249,"column":101}}},"fnMap":{"0":{"name":"setCanvasAria","decl":{"start":{"line":20,"column":9},"end":{"line":20,"column":22}},"loc":{"start":{"line":20,"column":38},"end":{"line":23,"column":1}},"line":20},"1":{"name":"updateCategoryDonut","decl":{"start":{"line":31,"column":16},"end":{"line":31,"column":35}},"loc":{"start":{"line":31,"column":42},"end":{"line":80,"column":1}},"line":31},"2":{"name":"(anonymous_2)","decl":{"start":{"line":33,"column":15},"end":{"line":33,"column":16}},"loc":{"start":{"line":33,"column":22},"end":{"line":38,"column":3}},"line":33},"3":{"name":"(anonymous_3)","decl":{"start":{"line":39,"column":45},"end":{"line":39,"column":46}},"loc":{"start":{"line":39,"column":55},"end":{"line":39,"column":60}},"line":39},"4":{"name":"(anonymous_4)","decl":{"start":{"line":78,"column":9},"end":{"line":78,"column":10}},"loc":{"start":{"line":78,"column":19},"end":{"line":78,"column":131}},"line":78},"5":{"name":"getFilteredLogs","decl":{"start":{"line":88,"column":9},"end":{"line":88,"column":24}},"loc":{"start":{"line":88,"column":27},"end":{"line":95,"column":1}},"line":88},"6":{"name":"(anonymous_6)","decl":{"start":{"line":94,"column":27},"end":{"line":94,"column":28}},"loc":{"start":{"line":94,"column":34},"end":{"line":94,"column":60}},"line":94},"7":{"name":"renderTrendChart","decl":{"start":{"line":98,"column":16},"end":{"line":98,"column":32}},"loc":{"start":{"line":98,"column":35},"end":{"line":147,"column":1}},"line":98},"8":{"name":"(anonymous_8)","decl":{"start":{"line":100,"column":26},"end":{"line":100,"column":27}},"loc":{"start":{"line":100,"column":33},"end":{"line":100,"column":51}},"line":100},"9":{"name":"(anonymous_9)","decl":{"start":{"line":101,"column":24},"end":{"line":101,"column":25}},"loc":{"start":{"line":101,"column":31},"end":{"line":101,"column":38}},"line":101},"10":{"name":"(anonymous_10)","decl":{"start":{"line":131,"column":39},"end":{"line":131,"column":40}},"loc":{"start":{"line":131,"column":48},"end":{"line":131,"column":84}},"line":131},"11":{"name":"(anonymous_11)","decl":{"start":{"line":135,"column":113},"end":{"line":135,"column":114}},"loc":{"start":{"line":135,"column":120},"end":{"line":135,"column":129}},"line":135},"12":{"name":"renderCategoryBarChart","decl":{"start":{"line":150,"column":16},"end":{"line":150,"column":38}},"loc":{"start":{"line":150,"column":41},"end":{"line":187,"column":1}},"line":150},"13":{"name":"(anonymous_13)","decl":{"start":{"line":153,"column":15},"end":{"line":153,"column":16}},"loc":{"start":{"line":153,"column":22},"end":{"line":158,"column":3}},"line":153},"14":{"name":"(anonymous_14)","decl":{"start":{"line":183,"column":113},"end":{"line":183,"column":114}},"loc":{"start":{"line":183,"column":120},"end":{"line":183,"column":129}},"line":183},"15":{"name":"renderBreakdownChart","decl":{"start":{"line":190,"column":16},"end":{"line":190,"column":36}},"loc":{"start":{"line":190,"column":39},"end":{"line":224,"column":1}},"line":190},"16":{"name":"(anonymous_16)","decl":{"start":{"line":193,"column":15},"end":{"line":193,"column":16}},"loc":{"start":{"line":193,"column":22},"end":{"line":198,"column":3}},"line":193},"17":{"name":"(anonymous_17)","decl":{"start":{"line":199,"column":30},"end":{"line":199,"column":31}},"loc":{"start":{"line":199,"column":40},"end":{"line":199,"column":45}},"line":199},"18":{"name":"updateAnalyticsStats","decl":{"start":{"line":227,"column":16},"end":{"line":227,"column":36}},"loc":{"start":{"line":227,"column":39},"end":{"line":250,"column":1}},"line":227},"19":{"name":"(anonymous_19)","decl":{"start":{"line":232,"column":30},"end":{"line":232,"column":31}},"loc":{"start":{"line":232,"column":40},"end":{"line":232,"column":57}},"line":232},"20":{"name":"(anonymous_20)","decl":{"start":{"line":236,"column":15},"end":{"line":236,"column":16}},"loc":{"start":{"line":236,"column":22},"end":{"line":241,"column":3}},"line":236},"21":{"name":"(anonymous_21)","decl":{"start":{"line":242,"column":48},"end":{"line":242,"column":49}},"loc":{"start":{"line":242,"column":58},"end":{"line":242,"column":69}},"line":242},"22":{"name":"(anonymous_22)","decl":{"start":{"line":245,"column":34},"end":{"line":245,"column":35}},"loc":{"start":{"line":245,"column":44},"end":{"line":245,"column":55}},"line":245}},"branchMap":{"0":{"loc":{"start":{"line":34,"column":24},"end":{"line":34,"column":40}},"type":"binary-expr","locations":[{"start":{"line":34,"column":24},"end":{"line":34,"column":35}},{"start":{"line":34,"column":39},"end":{"line":34,"column":40}}],"line":34},"1":{"loc":{"start":{"line":35,"column":21},"end":{"line":35,"column":34}},"type":"binary-expr","locations":[{"start":{"line":35,"column":21},"end":{"line":35,"column":29}},{"start":{"line":35,"column":33},"end":{"line":35,"column":34}}],"line":35},"2":{"loc":{"start":{"line":36,"column":19},"end":{"line":36,"column":30}},"type":"binary-expr","locations":[{"start":{"line":36,"column":19},"end":{"line":36,"column":25}},{"start":{"line":36,"column":29},"end":{"line":36,"column":30}}],"line":36},"3":{"loc":{"start":{"line":37,"column":20},"end":{"line":37,"column":32}},"type":"binary-expr","locations":[{"start":{"line":37,"column":20},"end":{"line":37,"column":27}},{"start":{"line":37,"column":31},"end":{"line":37,"column":32}}],"line":37},"4":{"loc":{"start":{"line":51,"column":2},"end":{"line":51,"column":59}},"type":"if","locations":[{"start":{"line":51,"column":2},"end":{"line":51,"column":59}},{"start":{},"end":{}}],"line":51},"5":{"loc":{"start":{"line":57,"column":14},"end":{"line":57,"column":47}},"type":"cond-expr","locations":[{"start":{"line":57,"column":28},"end":{"line":57,"column":40}},{"start":{"line":57,"column":43},"end":{"line":57,"column":47}}],"line":57},"6":{"loc":{"start":{"line":58,"column":25},"end":{"line":60,"column":18}},"type":"cond-expr","locations":[{"start":{"line":59,"column":12},"end":{"line":59,"column":116}},{"start":{"line":60,"column":12},"end":{"line":60,"column":18}}],"line":58},"7":{"loc":{"start":{"line":91,"column":2},"end":{"line":93,"column":52}},"type":"if","locations":[{"start":{"line":91,"column":2},"end":{"line":93,"column":52}},{"start":{"line":92,"column":7},"end":{"line":93,"column":52}}],"line":91},"8":{"loc":{"start":{"line":92,"column":7},"end":{"line":93,"column":52}},"type":"if","locations":[{"start":{"line":92,"column":7},"end":{"line":93,"column":52}},{"start":{"line":93,"column":7},"end":{"line":93,"column":52}}],"line":92},"9":{"loc":{"start":{"line":106,"column":2},"end":{"line":106,"column":53}},"type":"if","locations":[{"start":{"line":106,"column":2},"end":{"line":106,"column":53}},{"start":{},"end":{}}],"line":106},"10":{"loc":{"start":{"line":111,"column":14},"end":{"line":111,"column":50}},"type":"cond-expr","locations":[{"start":{"line":111,"column":30},"end":{"line":111,"column":36}},{"start":{"line":111,"column":39},"end":{"line":111,"column":50}}],"line":111},"11":{"loc":{"start":{"line":114,"column":14},"end":{"line":114,"column":38}},"type":"cond-expr","locations":[{"start":{"line":114,"column":28},"end":{"line":114,"column":32}},{"start":{"line":114,"column":35},"end":{"line":114,"column":38}}],"line":114},"12":{"loc":{"start":{"line":140,"column":2},"end":{"line":146,"column":3}},"type":"if","locations":[{"start":{"line":140,"column":2},"end":{"line":146,"column":3}},{"start":{},"end":{}}],"line":140},"13":{"loc":{"start":{"line":143,"column":21},"end":{"line":143,"column":85}},"type":"cond-expr","locations":[{"start":{"line":143,"column":32},"end":{"line":143,"column":61}},{"start":{"line":143,"column":64},"end":{"line":143,"column":85}}],"line":143},"14":{"loc":{"start":{"line":144,"column":26},"end":{"line":144,"column":84}},"type":"cond-expr","locations":[{"start":{"line":144,"column":37},"end":{"line":144,"column":59}},{"start":{"line":144,"column":62},"end":{"line":144,"column":84}}],"line":144},"15":{"loc":{"start":{"line":145,"column":21},"end":{"line":145,"column":53}},"type":"cond-expr","locations":[{"start":{"line":145,"column":32},"end":{"line":145,"column":41}},{"start":{"line":145,"column":44},"end":{"line":145,"column":53}}],"line":145},"16":{"loc":{"start":{"line":154,"column":24},"end":{"line":154,"column":40}},"type":"binary-expr","locations":[{"start":{"line":154,"column":24},"end":{"line":154,"column":35}},{"start":{"line":154,"column":39},"end":{"line":154,"column":40}}],"line":154},"17":{"loc":{"start":{"line":155,"column":21},"end":{"line":155,"column":34}},"type":"binary-expr","locations":[{"start":{"line":155,"column":21},"end":{"line":155,"column":29}},{"start":{"line":155,"column":33},"end":{"line":155,"column":34}}],"line":155},"18":{"loc":{"start":{"line":156,"column":19},"end":{"line":156,"column":30}},"type":"binary-expr","locations":[{"start":{"line":156,"column":19},"end":{"line":156,"column":25}},{"start":{"line":156,"column":29},"end":{"line":156,"column":30}}],"line":156},"19":{"loc":{"start":{"line":157,"column":20},"end":{"line":157,"column":32}},"type":"binary-expr","locations":[{"start":{"line":157,"column":20},"end":{"line":157,"column":27}},{"start":{"line":157,"column":31},"end":{"line":157,"column":32}}],"line":157},"20":{"loc":{"start":{"line":163,"column":2},"end":{"line":163,"column":65}},"type":"if","locations":[{"start":{"line":163,"column":2},"end":{"line":163,"column":65}},{"start":{},"end":{}}],"line":163},"21":{"loc":{"start":{"line":194,"column":17},"end":{"line":194,"column":33}},"type":"binary-expr","locations":[{"start":{"line":194,"column":17},"end":{"line":194,"column":28}},{"start":{"line":194,"column":32},"end":{"line":194,"column":33}}],"line":194},"22":{"loc":{"start":{"line":195,"column":17},"end":{"line":195,"column":30}},"type":"binary-expr","locations":[{"start":{"line":195,"column":17},"end":{"line":195,"column":25}},{"start":{"line":195,"column":29},"end":{"line":195,"column":30}}],"line":195},"23":{"loc":{"start":{"line":196,"column":17},"end":{"line":196,"column":28}},"type":"binary-expr","locations":[{"start":{"line":196,"column":17},"end":{"line":196,"column":23}},{"start":{"line":196,"column":27},"end":{"line":196,"column":28}}],"line":196},"24":{"loc":{"start":{"line":197,"column":17},"end":{"line":197,"column":29}},"type":"binary-expr","locations":[{"start":{"line":197,"column":17},"end":{"line":197,"column":24}},{"start":{"line":197,"column":28},"end":{"line":197,"column":29}}],"line":197},"25":{"loc":{"start":{"line":204,"column":2},"end":{"line":204,"column":61}},"type":"if","locations":[{"start":{"line":204,"column":2},"end":{"line":204,"column":61}},{"start":{},"end":{}}],"line":204},"26":{"loc":{"start":{"line":211,"column":14},"end":{"line":211,"column":47}},"type":"cond-expr","locations":[{"start":{"line":211,"column":26},"end":{"line":211,"column":32}},{"start":{"line":211,"column":35},"end":{"line":211,"column":47}}],"line":211},"27":{"loc":{"start":{"line":230,"column":2},"end":{"line":230,"column":32}},"type":"if","locations":[{"start":{"line":230,"column":2},"end":{"line":230,"column":32}},{"start":{},"end":{}}],"line":230},"28":{"loc":{"start":{"line":237,"column":27},"end":{"line":237,"column":43}},"type":"binary-expr","locations":[{"start":{"line":237,"column":27},"end":{"line":237,"column":38}},{"start":{"line":237,"column":42},"end":{"line":237,"column":43}}],"line":237},"29":{"loc":{"start":{"line":238,"column":24},"end":{"line":238,"column":37}},"type":"binary-expr","locations":[{"start":{"line":238,"column":24},"end":{"line":238,"column":32}},{"start":{"line":238,"column":36},"end":{"line":238,"column":37}}],"line":238},"30":{"loc":{"start":{"line":239,"column":22},"end":{"line":239,"column":33}},"type":"binary-expr","locations":[{"start":{"line":239,"column":22},"end":{"line":239,"column":28}},{"start":{"line":239,"column":32},"end":{"line":239,"column":33}}],"line":239},"31":{"loc":{"start":{"line":240,"column":23},"end":{"line":240,"column":35}},"type":"binary-expr","locations":[{"start":{"line":240,"column":23},"end":{"line":240,"column":30}},{"start":{"line":240,"column":34},"end":{"line":240,"column":35}}],"line":240},"32":{"loc":{"start":{"line":249,"column":4},"end":{"line":249,"column":100}},"type":"cond-expr","locations":[{"start":{"line":249,"column":16},"end":{"line":249,"column":53}},{"start":{"line":249,"column":56},"end":{"line":249,"column":100}}],"line":249}},"s":{"0":2,"1":12,"2":12,"3":3,"4":3,"5":1,"6":1,"7":1,"8":1,"9":3,"10":12,"11":3,"12":3,"13":3,"14":3,"15":3,"16":3,"17":3,"18":3,"19":1,"20":3,"21":3,"22":3,"23":12,"24":15,"25":15,"26":15,"27":3,"28":12,"29":1,"30":11,"31":15,"32":12,"33":4,"34":4,"35":4,"36":4,"37":4,"38":4,"39":4,"40":4,"41":4,"42":1,"43":4,"44":0,"45":0,"46":4,"47":2,"48":2,"49":2,"50":2,"51":2,"52":2,"53":2,"54":2,"55":1,"56":1,"57":1,"58":1,"59":2,"60":2,"61":2,"62":2,"63":1,"64":2,"65":0,"66":3,"67":3,"68":3,"69":1,"70":1,"71":1,"72":1,"73":3,"74":12,"75":3,"76":3,"77":3,"78":3,"79":1,"80":3,"81":6,"82":6,"83":6,"84":1,"85":5,"86":0,"87":5,"88":5,"89":5,"90":5,"91":5,"92":5,"93":5,"94":5,"95":15,"96":5,"97":5,"98":5,"99":5,"100":5,"101":5},"f":{"0":12,"1":3,"2":1,"3":12,"4":12,"5":15,"6":12,"7":4,"8":4,"9":4,"10":0,"11":0,"12":2,"13":1,"14":0,"15":3,"16":1,"17":12,"18":6,"19":0,"20":5,"21":15,"22":5},"b":{"0":[1,0],"1":[1,0],"2":[1,0],"3":[1,0],"4":[1,2],"5":[2,1],"6":[2,1],"7":[3,12],"8":[1,11],"9":[1,3],"10":[2,2],"11":[2,2],"12":[2,2],"13":[1,1],"14":[1,1],"15":[1,1],"16":[1,0],"17":[1,0],"18":[1,0],"19":[1,0],"20":[1,1],"21":[1,0],"22":[1,0],"23":[1,0],"24":[1,0],"25":[1,2],"26":[1,2],"27":[1,5],"28":[5,0],"29":[5,0],"30":[5,0],"31":[5,0],"32":[4,1]},"inputSourceMap":null,"_coverageSchema":"1a1c01bbd47fc00a2c39e90264f33305004495a9","hash":"f15f32a283eb56470984431d74291ef6ad36ad50"}
,"C:\\Users\\Lenovo\\.gemini\\antigravity\\scratch\\Carbon-Footprint-Awareness-Platform\\public\\src\\gamification.js": {"path":"C:\\Users\\Lenovo\\.gemini\\antigravity\\scratch\\Carbon-Footprint-Awareness-Platform\\public\\src\\gamification.js","statementMap":{"0":{"start":{"line":12,"column":26},"end":{"line":19,"column":1}},"1":{"start":{"line":21,"column":28},"end":{"line":30,"column":1}},"2":{"start":{"line":22,"column":116},"end":{"line":22,"column":134}},"3":{"start":{"line":23,"column":116},"end":{"line":23,"column":129}},"4":{"start":{"line":24,"column":116},"end":{"line":24,"column":158}},"5":{"start":{"line":25,"column":115},"end":{"line":25,"column":161}},"6":{"start":{"line":25,"column":136},"end":{"line":25,"column":148}},"7":{"start":{"line":26,"column":116},"end":{"line":26,"column":171}},"8":{"start":{"line":26,"column":140},"end":{"line":26,"column":160}},"9":{"start":{"line":27,"column":119},"end":{"line":27,"column":164}},"10":{"start":{"line":27,"column":140},"end":{"line":27,"column":151}},"11":{"start":{"line":28,"column":116},"end":{"line":28,"column":126}},"12":{"start":{"line":29,"column":116},"end":{"line":29,"column":133}},"13":{"start":{"line":39,"column":16},"end":{"line":39,"column":34}},"14":{"start":{"line":40,"column":2},"end":{"line":45,"column":3}},"15":{"start":{"line":41,"column":22},"end":{"line":41,"column":35}},"16":{"start":{"line":42,"column":4},"end":{"line":42,"column":47}},"17":{"start":{"line":43,"column":4},"end":{"line":43,"column":89}},"18":{"start":{"line":44,"column":4},"end":{"line":44,"column":30}},"19":{"start":{"line":54,"column":15},"end":{"line":54,"column":17}},"20":{"start":{"line":55,"column":16},"end":{"line":55,"column":55}},"21":{"start":{"line":56,"column":2},"end":{"line":56,"column":22}},"22":{"start":{"line":67,"column":15},"end":{"line":73,"column":3}},"23":{"start":{"line":74,"column":19},"end":{"line":74,"column":20}},"24":{"start":{"line":75,"column":2},"end":{"line":81,"column":5}},"25":{"start":{"line":76,"column":4},"end":{"line":80,"column":5}},"26":{"start":{"line":77,"column":6},"end":{"line":77,"column":44}},"27":{"start":{"line":78,"column":6},"end":{"line":78,"column":19}},"28":{"start":{"line":79,"column":6},"end":{"line":79,"column":91}},"29":{"start":{"line":79,"column":23},"end":{"line":79,"column":71}},"30":{"start":{"line":94,"column":2},"end":{"line":94,"column":53}},"31":{"start":{"line":94,"column":46},"end":{"line":94,"column":53}},"32":{"start":{"line":95,"column":2},"end":{"line":95,"column":37}},"33":{"start":{"line":96,"column":2},"end":{"line":96,"column":27}},"34":{"start":{"line":97,"column":2},"end":{"line":97,"column":31}},"35":{"start":{"line":98,"column":2},"end":{"line":98,"column":14}},"36":{"start":{"line":99,"column":2},"end":{"line":99,"column":60}},"37":{"start":{"line":100,"column":2},"end":{"line":100,"column":31}},"38":{"start":{"line":100,"column":18},"end":{"line":100,"column":31}},"39":{"start":{"line":111,"column":2},"end":{"line":125,"column":15}},"40":{"start":{"line":112,"column":17},"end":{"line":112,"column":57}},"41":{"start":{"line":113,"column":4},"end":{"line":124,"column":12}},"42":{"start":{"line":134,"column":2},"end":{"line":141,"column":15}},"43":{"start":{"line":135,"column":21},"end":{"line":135,"column":62}},"44":{"start":{"line":136,"column":4},"end":{"line":140,"column":12}},"45":{"start":{"line":142,"column":16},"end":{"line":142,"column":49}},"46":{"start":{"line":143,"column":2},"end":{"line":143,"column":69}},"47":{"start":{"line":152,"column":23},"end":{"line":152,"column":47}},"48":{"start":{"line":153,"column":2},"end":{"line":162,"column":15}},"49":{"start":{"line":153,"column":57},"end":{"line":162,"column":3}}},"fnMap":{"0":{"name":"(anonymous_0)","decl":{"start":{"line":22,"column":109},"end":{"line":22,"column":110}},"loc":{"start":{"line":22,"column":116},"end":{"line":22,"column":134}},"line":22},"1":{"name":"(anonymous_1)","decl":{"start":{"line":23,"column":109},"end":{"line":23,"column":110}},"loc":{"start":{"line":23,"column":116},"end":{"line":23,"column":129}},"line":23},"2":{"name":"(anonymous_2)","decl":{"start":{"line":24,"column":109},"end":{"line":24,"column":110}},"loc":{"start":{"line":24,"column":116},"end":{"line":24,"column":158}},"line":24},"3":{"name":"(anonymous_3)","decl":{"start":{"line":25,"column":108},"end":{"line":25,"column":109}},"loc":{"start":{"line":25,"column":115},"end":{"line":25,"column":161}},"line":25},"4":{"name":"(anonymous_4)","decl":{"start":{"line":25,"column":129},"end":{"line":25,"column":130}},"loc":{"start":{"line":25,"column":136},"end":{"line":25,"column":148}},"line":25},"5":{"name":"(anonymous_5)","decl":{"start":{"line":26,"column":109},"end":{"line":26,"column":110}},"loc":{"start":{"line":26,"column":116},"end":{"line":26,"column":171}},"line":26},"6":{"name":"(anonymous_6)","decl":{"start":{"line":26,"column":130},"end":{"line":26,"column":131}},"loc":{"start":{"line":26,"column":140},"end":{"line":26,"column":160}},"line":26},"7":{"name":"(anonymous_7)","decl":{"start":{"line":27,"column":112},"end":{"line":27,"column":113}},"loc":{"start":{"line":27,"column":119},"end":{"line":27,"column":164}},"line":27},"8":{"name":"(anonymous_8)","decl":{"start":{"line":27,"column":133},"end":{"line":27,"column":134}},"loc":{"start":{"line":27,"column":140},"end":{"line":27,"column":151}},"line":27},"9":{"name":"(anonymous_9)","decl":{"start":{"line":28,"column":109},"end":{"line":28,"column":110}},"loc":{"start":{"line":28,"column":116},"end":{"line":28,"column":126}},"line":28},"10":{"name":"(anonymous_10)","decl":{"start":{"line":29,"column":109},"end":{"line":29,"column":110}},"loc":{"start":{"line":29,"column":116},"end":{"line":29,"column":133}},"line":29},"11":{"name":"updateStreak","decl":{"start":{"line":38,"column":16},"end":{"line":38,"column":28}},"loc":{"start":{"line":38,"column":34},"end":{"line":46,"column":1}},"line":38},"12":{"name":"calcPoints","decl":{"start":{"line":53,"column":16},"end":{"line":53,"column":26}},"loc":{"start":{"line":53,"column":34},"end":{"line":57,"column":1}},"line":53},"13":{"name":"checkAchievements","decl":{"start":{"line":66,"column":16},"end":{"line":66,"column":33}},"loc":{"start":{"line":66,"column":45},"end":{"line":82,"column":1}},"line":66},"14":{"name":"(anonymous_14)","decl":{"start":{"line":75,"column":23},"end":{"line":75,"column":24}},"loc":{"start":{"line":75,"column":30},"end":{"line":81,"column":3}},"line":75},"15":{"name":"(anonymous_15)","decl":{"start":{"line":79,"column":17},"end":{"line":79,"column":18}},"loc":{"start":{"line":79,"column":23},"end":{"line":79,"column":71}},"line":79},"16":{"name":"completeChallenge","decl":{"start":{"line":93,"column":16},"end":{"line":93,"column":33}},"loc":{"start":{"line":93,"column":69},"end":{"line":101,"column":1}},"line":93},"17":{"name":"renderChallenges","decl":{"start":{"line":110,"column":16},"end":{"line":110,"column":32}},"loc":{"start":{"line":110,"column":37},"end":{"line":126,"column":1}},"line":110},"18":{"name":"(anonymous_18)","decl":{"start":{"line":111,"column":51},"end":{"line":111,"column":52}},"loc":{"start":{"line":111,"column":58},"end":{"line":125,"column":3}},"line":111},"19":{"name":"renderAchievements","decl":{"start":{"line":133,"column":16},"end":{"line":133,"column":34}},"loc":{"start":{"line":133,"column":48},"end":{"line":144,"column":1}},"line":133},"20":{"name":"(anonymous_20)","decl":{"start":{"line":134,"column":53},"end":{"line":134,"column":54}},"loc":{"start":{"line":134,"column":60},"end":{"line":141,"column":3}},"line":134},"21":{"name":"renderLevels","decl":{"start":{"line":151,"column":16},"end":{"line":151,"column":28}},"loc":{"start":{"line":151,"column":44},"end":{"line":163,"column":1}},"line":151},"22":{"name":"(anonymous_22)","decl":{"start":{"line":153,"column":50},"end":{"line":153,"column":51}},"loc":{"start":{"line":153,"column":57},"end":{"line":162,"column":3}},"line":153}},"branchMap":{"0":{"loc":{"start":{"line":24,"column":116},"end":{"line":24,"column":158}},"type":"binary-expr","locations":[{"start":{"line":24,"column":116},"end":{"line":24,"column":136}},{"start":{"line":24,"column":140},"end":{"line":24,"column":158}}],"line":24},"1":{"loc":{"start":{"line":26,"column":145},"end":{"line":26,"column":159}},"type":"binary-expr","locations":[{"start":{"line":26,"column":145},"end":{"line":26,"column":154}},{"start":{"line":26,"column":158},"end":{"line":26,"column":159}}],"line":26},"2":{"loc":{"start":{"line":40,"column":2},"end":{"line":45,"column":3}},"type":"if","locations":[{"start":{"line":40,"column":2},"end":{"line":45,"column":3}},{"start":{},"end":{}}],"line":40},"3":{"loc":{"start":{"line":43,"column":19},"end":{"line":43,"column":88}},"type":"cond-expr","locations":[{"start":{"line":43,"column":68},"end":{"line":43,"column":84}},{"start":{"line":43,"column":87},"end":{"line":43,"column":88}}],"line":43},"4":{"loc":{"start":{"line":55,"column":16},"end":{"line":55,"column":55}},"type":"cond-expr","locations":[{"start":{"line":55,"column":30},"end":{"line":55,"column":32}},{"start":{"line":55,"column":35},"end":{"line":55,"column":55}}],"line":55},"5":{"loc":{"start":{"line":55,"column":35},"end":{"line":55,"column":55}},"type":"cond-expr","locations":[{"start":{"line":55,"column":49},"end":{"line":55,"column":51}},{"start":{"line":55,"column":54},"end":{"line":55,"column":55}}],"line":55},"6":{"loc":{"start":{"line":70,"column":18},"end":{"line":70,"column":53}},"type":"binary-expr","locations":[{"start":{"line":70,"column":18},"end":{"line":70,"column":48}},{"start":{"line":70,"column":52},"end":{"line":70,"column":53}}],"line":70},"7":{"loc":{"start":{"line":76,"column":4},"end":{"line":80,"column":5}},"type":"if","locations":[{"start":{"line":76,"column":4},"end":{"line":80,"column":5}},{"start":{},"end":{}}],"line":76},"8":{"loc":{"start":{"line":76,"column":8},"end":{"line":76,"column":71}},"type":"binary-expr","locations":[{"start":{"line":76,"column":8},"end":{"line":76,"column":50}},{"start":{"line":76,"column":54},"end":{"line":76,"column":71}}],"line":76},"9":{"loc":{"start":{"line":94,"column":2},"end":{"line":94,"column":53}},"type":"if","locations":[{"start":{"line":94,"column":2},"end":{"line":94,"column":53}},{"start":{},"end":{}}],"line":94},"10":{"loc":{"start":{"line":100,"column":2},"end":{"line":100,"column":31}},"type":"if","locations":[{"start":{"line":100,"column":2},"end":{"line":100,"column":31}},{"start":{},"end":{}}],"line":100},"11":{"loc":{"start":{"line":113,"column":41},"end":{"line":113,"column":64}},"type":"cond-expr","locations":[{"start":{"line":113,"column":48},"end":{"line":113,"column":59}},{"start":{"line":113,"column":62},"end":{"line":113,"column":64}}],"line":113},"12":{"loc":{"start":{"line":118,"column":46},"end":{"line":118,"column":64}},"type":"cond-expr","locations":[{"start":{"line":118,"column":53},"end":{"line":118,"column":59}},{"start":{"line":118,"column":62},"end":{"line":118,"column":64}}],"line":118},"13":{"loc":{"start":{"line":119,"column":19},"end":{"line":119,"column":74}},"type":"cond-expr","locations":[{"start":{"line":119,"column":26},"end":{"line":119,"column":28}},{"start":{"line":119,"column":31},"end":{"line":119,"column":74}}],"line":119},"14":{"loc":{"start":{"line":120,"column":10},"end":{"line":120,"column":32}},"type":"cond-expr","locations":[{"start":{"line":120,"column":17},"end":{"line":120,"column":27}},{"start":{"line":120,"column":30},"end":{"line":120,"column":32}}],"line":120},"15":{"loc":{"start":{"line":121,"column":22},"end":{"line":121,"column":84}},"type":"cond-expr","locations":[{"start":{"line":121,"column":29},"end":{"line":121,"column":50}},{"start":{"line":121,"column":53},"end":{"line":121,"column":84}}],"line":121},"16":{"loc":{"start":{"line":122,"column":10},"end":{"line":122,"column":51}},"type":"cond-expr","locations":[{"start":{"line":122,"column":17},"end":{"line":122,"column":31}},{"start":{"line":122,"column":34},"end":{"line":122,"column":51}}],"line":122},"17":{"loc":{"start":{"line":136,"column":43},"end":{"line":136,"column":75}},"type":"cond-expr","locations":[{"start":{"line":136,"column":54},"end":{"line":136,"column":64}},{"start":{"line":136,"column":67},"end":{"line":136,"column":75}}],"line":136},"18":{"loc":{"start":{"line":136,"column":119},"end":{"line":136,"column":151}},"type":"cond-expr","locations":[{"start":{"line":136,"column":130},"end":{"line":136,"column":140}},{"start":{"line":136,"column":143},"end":{"line":136,"column":151}}],"line":136},"19":{"loc":{"start":{"line":154,"column":29},"end":{"line":154,"column":74}},"type":"cond-expr","locations":[{"start":{"line":154,"column":60},"end":{"line":154,"column":69}},{"start":{"line":154,"column":72},"end":{"line":154,"column":74}}],"line":154},"20":{"loc":{"start":{"line":158,"column":33},"end":{"line":158,"column":98}},"type":"cond-expr","locations":[{"start":{"line":158,"column":52},"end":{"line":158,"column":68}},{"start":{"line":158,"column":71},"end":{"line":158,"column":98}}],"line":158},"21":{"loc":{"start":{"line":160,"column":8},"end":{"line":160,"column":105}},"type":"cond-expr","locations":[{"start":{"line":160,"column":39},"end":{"line":160,"column":100}},{"start":{"line":160,"column":103},"end":{"line":160,"column":105}}],"line":160}},"s":{"0":3,"1":3,"2":6,"3":7,"4":8,"5":7,"6":7,"7":7,"8":5,"9":7,"10":7,"11":7,"12":7,"13":7,"14":7,"15":6,"16":6,"17":6,"18":6,"19":4,"20":4,"21":4,"22":5,"23":5,"24":5,"25":40,"26":7,"27":7,"28":7,"29":6,"30":3,"31":1,"32":2,"33":2,"34":2,"35":2,"36":2,"37":2,"38":1,"39":4,"40":24,"41":24,"42":4,"43":32,"44":32,"45":4,"46":4,"47":3,"48":3,"49":6},"f":{"0":6,"1":7,"2":8,"3":7,"4":7,"5":7,"6":5,"7":7,"8":7,"9":7,"10":7,"11":7,"12":4,"13":5,"14":40,"15":6,"16":3,"17":4,"18":24,"19":4,"20":32,"21":3,"22":6},"b":{"0":[8,7],"1":[5,3],"2":[6,1],"3":[1,5],"4":[2,2],"5":[1,1],"6":[5,2],"7":[7,33],"8":[40,39],"9":[1,2],"10":[1,1],"11":[3,21],"12":[3,21],"13":[3,21],"14":[3,21],"15":[3,21],"16":[3,21],"17":[3,29],"18":[3,29],"19":[2,4],"20":[2,4],"21":[2,4]},"inputSourceMap":null,"_coverageSchema":"1a1c01bbd47fc00a2c39e90264f33305004495a9","hash":"cfd08738eeb46945b635ae07c7319a88b9372d18"}
,"C:\\Users\\Lenovo\\.gemini\\antigravity\\scratch\\Carbon-Footprint-Awareness-Platform\\public\\src\\share.js": {"path":"C:\\Users\\Lenovo\\.gemini\\antigravity\\scratch\\Carbon-Footprint-Awareness-Platform\\public\\src\\share.js","statementMap":{"0":{"start":{"line":15,"column":15},"end":{"line":15,"column":42}},"1":{"start":{"line":16,"column":15},"end":{"line":16,"column":48}},"2":{"start":{"line":17,"column":2},"end":{"line":17,"column":52}},"3":{"start":{"line":26,"column":2},"end":{"line":26,"column":232}},"4":{"start":{"line":35,"column":14},"end":{"line":35,"column":34}},"5":{"start":{"line":36,"column":14},"end":{"line":36,"column":38}},"6":{"start":{"line":37,"column":21},"end":{"line":37,"column":44}},"7":{"start":{"line":38,"column":21},"end":{"line":38,"column":44}},"8":{"start":{"line":40,"column":2},"end":{"line":85,"column":5}},"9":{"start":{"line":88,"column":2},"end":{"line":88,"column":29}},"10":{"start":{"line":96,"column":14},"end":{"line":96,"column":34}},"11":{"start":{"line":97,"column":2},"end":{"line":97,"column":19}},"12":{"start":{"line":97,"column":12},"end":{"line":97,"column":19}},"13":{"start":{"line":98,"column":2},"end":{"line":111,"column":3}},"14":{"start":{"line":99,"column":4},"end":{"line":99,"column":45}},"15":{"start":{"line":100,"column":16},"end":{"line":100,"column":55}},"16":{"start":{"line":101,"column":4},"end":{"line":106,"column":5}},"17":{"start":{"line":102,"column":6},"end":{"line":102,"column":36}},"18":{"start":{"line":103,"column":6},"end":{"line":105,"column":15}},"19":{"start":{"line":104,"column":8},"end":{"line":104,"column":316}},"20":{"start":{"line":109,"column":15},"end":{"line":109,"column":57}},"21":{"start":{"line":110,"column":4},"end":{"line":110,"column":26}},"22":{"start":{"line":110,"column":12},"end":{"line":110,"column":26}}},"fnMap":{"0":{"name":"buildShareUrl","decl":{"start":{"line":14,"column":16},"end":{"line":14,"column":29}},"loc":{"start":{"line":14,"column":37},"end":{"line":18,"column":1}},"line":14},"1":{"name":"buildShareMessage","decl":{"start":{"line":25,"column":16},"end":{"line":25,"column":33}},"loc":{"start":{"line":25,"column":41},"end":{"line":27,"column":1}},"line":25},"2":{"name":"renderShareButtons","decl":{"start":{"line":34,"column":16},"end":{"line":34,"column":34}},"loc":{"start":{"line":34,"column":53},"end":{"line":89,"column":1}},"line":34},"3":{"name":"copyShareLink","decl":{"start":{"line":95,"column":22},"end":{"line":95,"column":35}},"loc":{"start":{"line":95,"column":38},"end":{"line":112,"column":1}},"line":95},"4":{"name":"(anonymous_4)","decl":{"start":{"line":103,"column":17},"end":{"line":103,"column":18}},"loc":{"start":{"line":103,"column":23},"end":{"line":105,"column":7}},"line":103}},"branchMap":{"0":{"loc":{"start":{"line":97,"column":2},"end":{"line":97,"column":19}},"type":"if","locations":[{"start":{"line":97,"column":2},"end":{"line":97,"column":19}},{"start":{},"end":{}}],"line":97},"1":{"loc":{"start":{"line":101,"column":4},"end":{"line":106,"column":5}},"type":"if","locations":[{"start":{"line":101,"column":4},"end":{"line":106,"column":5}},{"start":{},"end":{}}],"line":101},"2":{"loc":{"start":{"line":110,"column":4},"end":{"line":110,"column":26}},"type":"if","locations":[{"start":{"line":110,"column":4},"end":{"line":110,"column":26}},{"start":{},"end":{}}],"line":110}},"s":{"0":6,"1":6,"2":6,"3":6,"4":5,"5":5,"6":5,"7":5,"8":5,"9":5,"10":4,"11":4,"12":1,"13":3,"14":3,"15":2,"16":2,"17":1,"18":1,"19":1,"20":1,"21":1,"22":1},"f":{"0":6,"1":6,"2":5,"3":4,"4":1},"b":{"0":[1,3],"1":[1,1],"2":[1,0]},"inputSourceMap":null,"_coverageSchema":"1a1c01bbd47fc00a2c39e90264f33305004495a9","hash":"c47eafcd218424aefca9f74f5b89b645f4ee805b"}
,"C:\\Users\\Lenovo\\.gemini\\antigravity\\scratch\\Carbon-Footprint-Awareness-Platform\\public\\src\\state.js": {"path":"C:\\Users\\Lenovo\\.gemini\\antigravity\\scratch\\Carbon-Footprint-Awareness-Platform\\public\\src\\state.js","statementMap":{"0":{"start":{"line":7,"column":26},"end":{"line":13,"column":1}},"1":{"start":{"line":15,"column":19},"end":{"line":26,"column":1}},"2":{"start":{"line":30,"column":16},"end":{"line":30,"column":74}},"3":{"start":{"line":31,"column":2},"end":{"line":31,"column":31}},"4":{"start":{"line":36,"column":2},"end":{"line":47,"column":3}},"5":{"start":{"line":37,"column":4},"end":{"line":44,"column":7}},"6":{"start":{"line":46,"column":4},"end":{"line":46,"column":48}},"7":{"start":{"line":52,"column":2},"end":{"line":60,"column":3}},"8":{"start":{"line":53,"column":16},"end":{"line":53,"column":44}},"9":{"start":{"line":54,"column":4},"end":{"line":57,"column":5}},"10":{"start":{"line":55,"column":26},"end":{"line":55,"column":42}},"11":{"start":{"line":56,"column":6},"end":{"line":56,"column":43}},"12":{"start":{"line":59,"column":4},"end":{"line":59,"column":55}},"13":{"start":{"line":68,"column":2},"end":{"line":68,"column":33}},"14":{"start":{"line":69,"column":2},"end":{"line":69,"column":20}},"15":{"start":{"line":77,"column":2},"end":{"line":77,"column":93}},"16":{"start":{"line":77,"column":32},"end":{"line":77,"column":74}},"17":{"start":{"line":81,"column":2},"end":{"line":81,"column":81}},"18":{"start":{"line":85,"column":2},"end":{"line":89,"column":5}},"19":{"start":{"line":99,"column":2},"end":{"line":102,"column":4}},"20":{"start":{"line":100,"column":4},"end":{"line":100,"column":24}},"21":{"start":{"line":101,"column":4},"end":{"line":101,"column":57}},"22":{"start":{"line":101,"column":29},"end":{"line":101,"column":49}}},"fnMap":{"0":{"name":"getCsrfToken","decl":{"start":{"line":29,"column":9},"end":{"line":29,"column":21}},"loc":{"start":{"line":29,"column":24},"end":{"line":32,"column":1}},"line":29},"1":{"name":"saveState","decl":{"start":{"line":35,"column":22},"end":{"line":35,"column":31}},"loc":{"start":{"line":35,"column":34},"end":{"line":48,"column":1}},"line":35},"2":{"name":"loadState","decl":{"start":{"line":51,"column":22},"end":{"line":51,"column":31}},"loc":{"start":{"line":51,"column":34},"end":{"line":61,"column":1}},"line":51},"3":{"name":"patchState","decl":{"start":{"line":67,"column":22},"end":{"line":67,"column":32}},"loc":{"start":{"line":67,"column":40},"end":{"line":70,"column":1}},"line":67},"4":{"name":"getLevel","decl":{"start":{"line":76,"column":16},"end":{"line":76,"column":24}},"loc":{"start":{"line":76,"column":32},"end":{"line":78,"column":1}},"line":76},"5":{"name":"(anonymous_5)","decl":{"start":{"line":77,"column":25},"end":{"line":77,"column":26}},"loc":{"start":{"line":77,"column":32},"end":{"line":77,"column":74}},"line":77},"6":{"name":"getMonthKey","decl":{"start":{"line":80,"column":16},"end":{"line":80,"column":27}},"loc":{"start":{"line":80,"column":47},"end":{"line":82,"column":1}},"line":80},"7":{"name":"formatDate","decl":{"start":{"line":84,"column":16},"end":{"line":84,"column":26}},"loc":{"start":{"line":84,"column":30},"end":{"line":90,"column":1}},"line":84},"8":{"name":"debounce","decl":{"start":{"line":97,"column":16},"end":{"line":97,"column":24}},"loc":{"start":{"line":97,"column":41},"end":{"line":103,"column":1}},"line":97},"9":{"name":"(anonymous_9)","decl":{"start":{"line":99,"column":9},"end":{"line":99,"column":10}},"loc":{"start":{"line":99,"column":28},"end":{"line":102,"column":3}},"line":99},"10":{"name":"(anonymous_10)","decl":{"start":{"line":101,"column":23},"end":{"line":101,"column":24}},"loc":{"start":{"line":101,"column":29},"end":{"line":101,"column":49}},"line":101}},"branchMap":{"0":{"loc":{"start":{"line":31,"column":9},"end":{"line":31,"column":30}},"type":"cond-expr","locations":[{"start":{"line":31,"column":17},"end":{"line":31,"column":25}},{"start":{"line":31,"column":28},"end":{"line":31,"column":30}}],"line":31},"1":{"loc":{"start":{"line":54,"column":4},"end":{"line":57,"column":5}},"type":"if","locations":[{"start":{"line":54,"column":4},"end":{"line":57,"column":5}},{"start":{},"end":{}}],"line":54},"2":{"loc":{"start":{"line":77,"column":9},"end":{"line":77,"column":92}},"type":"binary-expr","locations":[{"start":{"line":77,"column":9},"end":{"line":77,"column":75}},{"start":{"line":77,"column":79},"end":{"line":77,"column":92}}],"line":77},"3":{"loc":{"start":{"line":77,"column":32},"end":{"line":77,"column":74}},"type":"binary-expr","locations":[{"start":{"line":77,"column":32},"end":{"line":77,"column":51}},{"start":{"line":77,"column":55},"end":{"line":77,"column":74}}],"line":77},"4":{"loc":{"start":{"line":80,"column":28},"end":{"line":80,"column":45}},"type":"default-arg","locations":[{"start":{"line":80,"column":35},"end":{"line":80,"column":45}}],"line":80},"5":{"loc":{"start":{"line":97,"column":29},"end":{"line":97,"column":39}},"type":"default-arg","locations":[{"start":{"line":97,"column":36},"end":{"line":97,"column":39}}],"line":97}},"s":{"0":5,"1":5,"2":5,"3":5,"4":5,"5":5,"6":1,"7":3,"8":3,"9":2,"10":1,"11":1,"12":1,"13":1,"14":1,"15":9,"16":24,"17":3,"18":10,"19":4,"20":6,"21":6,"22":3},"f":{"0":5,"1":5,"2":3,"3":1,"4":9,"5":24,"6":3,"7":10,"8":4,"9":6,"10":3},"b":{"0":[5,0],"1":[1,1],"2":[9,1],"3":[24,19],"4":[1],"5":[0]},"inputSourceMap":null,"_coverageSchema":"1a1c01bbd47fc00a2c39e90264f33305004495a9","hash":"d07a8c151931cbb2054849b8879c11020360150e"}
,"C:\\Users\\Lenovo\\.gemini\\antigravity\\scratch\\Carbon-Footprint-Awareness-Platform\\routes\\api.js": {"path":"C:\\Users\\Lenovo\\.gemini\\antigravity\\scratch\\Carbon-Footprint-Awareness-Platform\\routes\\api.js","statementMap":{"0":{"start":{"line":9,"column":25},"end":{"line":9,"column":41}},"1":{"start":{"line":11,"column":0},"end":{"line":20,"column":3}},"2":{"start":{"line":12,"column":2},"end":{"line":19,"column":3}},"3":{"start":{"line":13,"column":16},"end":{"line":13,"column":97}},"4":{"start":{"line":14,"column":4},"end":{"line":14,"column":74}},"5":{"start":{"line":14,"column":14},"end":{"line":14,"column":74}},"6":{"start":{"line":15,"column":4},"end":{"line":15,"column":41}},"7":{"start":{"line":17,"column":4},"end":{"line":17,"column":48}},"8":{"start":{"line":18,"column":4},"end":{"line":18,"column":63}},"9":{"start":{"line":22,"column":0},"end":{"line":37,"column":3}},"10":{"start":{"line":23,"column":2},"end":{"line":36,"column":3}},"11":{"start":{"line":24,"column":23},"end":{"line":24,"column":47}},"12":{"start":{"line":26,"column":4},"end":{"line":28,"column":5}},"13":{"start":{"line":27,"column":6},"end":{"line":27,"column":68}},"14":{"start":{"line":30,"column":17},"end":{"line":30,"column":85}},"15":{"start":{"line":31,"column":4},"end":{"line":31,"column":37}},"16":{"start":{"line":32,"column":4},"end":{"line":32,"column":54}},"17":{"start":{"line":34,"column":4},"end":{"line":34,"column":46}},"18":{"start":{"line":35,"column":4},"end":{"line":35,"column":63}}},"fnMap":{"0":{"name":"(anonymous_0)","decl":{"start":{"line":11,"column":40},"end":{"line":11,"column":41}},"loc":{"start":{"line":11,"column":54},"end":{"line":20,"column":1}},"line":11},"1":{"name":"(anonymous_1)","decl":{"start":{"line":22,"column":41},"end":{"line":22,"column":42}},"loc":{"start":{"line":22,"column":55},"end":{"line":37,"column":1}},"line":22}},"branchMap":{"0":{"loc":{"start":{"line":14,"column":4},"end":{"line":14,"column":74}},"type":"if","locations":[{"start":{"line":14,"column":4},"end":{"line":14,"column":74}},{"start":{},"end":{}}],"line":14},"1":{"loc":{"start":{"line":26,"column":4},"end":{"line":28,"column":5}},"type":"if","locations":[{"start":{"line":26,"column":4},"end":{"line":28,"column":5}},{"start":{},"end":{}}],"line":26}},"s":{"0":1,"1":1,"2":3,"3":3,"4":2,"5":0,"6":2,"7":1,"8":1,"9":1,"10":2,"11":2,"12":2,"13":0,"14":2,"15":1,"16":1,"17":1,"18":1},"f":{"0":3,"1":2},"b":{"0":[0,2],"1":[0,2]},"inputSourceMap":null,"_coverageSchema":"1a1c01bbd47fc00a2c39e90264f33305004495a9","hash":"cdf281eb750f33495a17bafeae231ac7af1384d0"}
,"C:\\Users\\Lenovo\\.gemini\\antigravity\\scratch\\Carbon-Footprint-Awareness-Platform\\routes\\auth.js": {"path":"C:\\Users\\Lenovo\\.gemini\\antigravity\\scratch\\Carbon-Footprint-Awareness-Platform\\routes\\auth.js","statementMap":{"0":{"start":{"line":12,"column":26},"end":{"line":12,"column":42}},"1":{"start":{"line":15,"column":28},"end":{"line":15,"column":37}},"2":{"start":{"line":17,"column":25},"end":{"line":17,"column":34}},"3":{"start":{"line":19,"column":27},"end":{"line":23,"column":2}},"4":{"start":{"line":26,"column":17},"end":{"line":26,"column":54}},"5":{"start":{"line":27,"column":2},"end":{"line":32,"column":5}},"6":{"start":{"line":35,"column":0},"end":{"line":86,"column":3}},"7":{"start":{"line":36,"column":36},"end":{"line":36,"column":44}},"8":{"start":{"line":39,"column":2},"end":{"line":41,"column":3}},"9":{"start":{"line":40,"column":4},"end":{"line":40,"column":97}},"10":{"start":{"line":43,"column":21},"end":{"line":43,"column":49}},"11":{"start":{"line":44,"column":24},"end":{"line":44,"column":94}},"12":{"start":{"line":46,"column":2},"end":{"line":46,"column":96}},"13":{"start":{"line":46,"column":31},"end":{"line":46,"column":96}},"14":{"start":{"line":47,"column":2},"end":{"line":47,"column":167}},"15":{"start":{"line":47,"column":37},"end":{"line":47,"column":167}},"16":{"start":{"line":49,"column":2},"end":{"line":85,"column":3}},"17":{"start":{"line":50,"column":21},"end":{"line":50,"column":82}},"18":{"start":{"line":51,"column":4},"end":{"line":53,"column":5}},"19":{"start":{"line":52,"column":6},"end":{"line":52,"column":71}},"20":{"start":{"line":55,"column":27},"end":{"line":55,"column":58}},"21":{"start":{"line":56,"column":19},"end":{"line":56,"column":38}},"22":{"start":{"line":58,"column":17},"end":{"line":58,"column":96}},"23":{"start":{"line":59,"column":4},"end":{"line":59,"column":50}},"24":{"start":{"line":62,"column":25},"end":{"line":73,"column":5}},"25":{"start":{"line":74,"column":4},"end":{"line":74,"column":119}},"26":{"start":{"line":77,"column":22},"end":{"line":77,"column":41}},"27":{"start":{"line":78,"column":4},"end":{"line":78,"column":40}},"28":{"start":{"line":79,"column":4},"end":{"line":79,"column":39}},"29":{"start":{"line":81,"column":4},"end":{"line":81,"column":42}},"30":{"start":{"line":83,"column":4},"end":{"line":83,"column":40}},"31":{"start":{"line":84,"column":4},"end":{"line":84,"column":63}},"32":{"start":{"line":88,"column":0},"end":{"line":121,"column":3}},"33":{"start":{"line":89,"column":30},"end":{"line":89,"column":38}},"34":{"start":{"line":90,"column":2},"end":{"line":92,"column":3}},"35":{"start":{"line":91,"column":4},"end":{"line":91,"column":62}},"36":{"start":{"line":94,"column":2},"end":{"line":120,"column":3}},"37":{"start":{"line":95,"column":17},"end":{"line":95,"column":101}},"38":{"start":{"line":96,"column":4},"end":{"line":98,"column":5}},"39":{"start":{"line":97,"column":6},"end":{"line":97,"column":76}},"40":{"start":{"line":100,"column":18},"end":{"line":100,"column":63}},"41":{"start":{"line":101,"column":4},"end":{"line":103,"column":5}},"42":{"start":{"line":102,"column":6},"end":{"line":102,"column":76}},"43":{"start":{"line":106,"column":25},"end":{"line":106,"column":45}},"44":{"start":{"line":107,"column":4},"end":{"line":107,"column":56}},"45":{"start":{"line":107,"column":22},"end":{"line":107,"column":56}},"46":{"start":{"line":109,"column":22},"end":{"line":109,"column":41}},"47":{"start":{"line":110,"column":4},"end":{"line":110,"column":41}},"48":{"start":{"line":113,"column":4},"end":{"line":113,"column":80}},"49":{"start":{"line":115,"column":4},"end":{"line":115,"column":39}},"50":{"start":{"line":116,"column":4},"end":{"line":116,"column":53}},"51":{"start":{"line":118,"column":4},"end":{"line":118,"column":39}},"52":{"start":{"line":119,"column":4},"end":{"line":119,"column":63}},"53":{"start":{"line":123,"column":0},"end":{"line":132,"column":3}},"54":{"start":{"line":124,"column":20},"end":{"line":124,"column":40}},"55":{"start":{"line":125,"column":2},"end":{"line":129,"column":3}},"56":{"start":{"line":126,"column":19},"end":{"line":126,"column":46}},"57":{"start":{"line":127,"column":4},"end":{"line":127,"column":41}},"58":{"start":{"line":127,"column":16},"end":{"line":127,"column":41}},"59":{"start":{"line":128,"column":4},"end":{"line":128,"column":35}},"60":{"start":{"line":130,"column":2},"end":{"line":130,"column":29}},"61":{"start":{"line":131,"column":2},"end":{"line":131,"column":51}},"62":{"start":{"line":136,"column":20},"end":{"line":136,"column":40}},"63":{"start":{"line":137,"column":2},"end":{"line":139,"column":3}},"64":{"start":{"line":138,"column":4},"end":{"line":138,"column":61}},"65":{"start":{"line":140,"column":2},"end":{"line":140,"column":43}},"66":{"start":{"line":141,"column":2},"end":{"line":141,"column":9}},"67":{"start":{"line":144,"column":0},"end":{"line":153,"column":3}},"68":{"start":{"line":145,"column":13},"end":{"line":145,"column":38}},"69":{"start":{"line":146,"column":2},"end":{"line":151,"column":3}},"70":{"start":{"line":147,"column":16},"end":{"line":147,"column":92}},"71":{"start":{"line":148,"column":4},"end":{"line":148,"column":71}},"72":{"start":{"line":148,"column":14},"end":{"line":148,"column":71}},"73":{"start":{"line":149,"column":4},"end":{"line":149,"column":60}},"74":{"start":{"line":150,"column":4},"end":{"line":150,"column":36}},"75":{"start":{"line":152,"column":2},"end":{"line":152,"column":51}}},"fnMap":{"0":{"name":"setAuthCookie","decl":{"start":{"line":25,"column":16},"end":{"line":25,"column":29}},"loc":{"start":{"line":25,"column":51},"end":{"line":33,"column":1}},"line":25},"1":{"name":"(anonymous_1)","decl":{"start":{"line":35,"column":40},"end":{"line":35,"column":41}},"loc":{"start":{"line":35,"column":60},"end":{"line":86,"column":1}},"line":35},"2":{"name":"(anonymous_2)","decl":{"start":{"line":88,"column":39},"end":{"line":88,"column":40}},"loc":{"start":{"line":88,"column":59},"end":{"line":121,"column":1}},"line":88},"3":{"name":"(anonymous_3)","decl":{"start":{"line":123,"column":27},"end":{"line":123,"column":28}},"loc":{"start":{"line":123,"column":41},"end":{"line":132,"column":1}},"line":123},"4":{"name":"requireAuth","decl":{"start":{"line":135,"column":16},"end":{"line":135,"column":27}},"loc":{"start":{"line":135,"column":44},"end":{"line":142,"column":1}},"line":135},"5":{"name":"(anonymous_5)","decl":{"start":{"line":144,"column":35},"end":{"line":144,"column":36}},"loc":{"start":{"line":144,"column":49},"end":{"line":153,"column":1}},"line":144}},"branchMap":{"0":{"loc":{"start":{"line":29,"column":12},"end":{"line":29,"column":80}},"type":"binary-expr","locations":[{"start":{"line":29,"column":12},"end":{"line":29,"column":18}},{"start":{"line":29,"column":22},"end":{"line":29,"column":32}},{"start":{"line":29,"column":36},"end":{"line":29,"column":80}}],"line":29},"1":{"loc":{"start":{"line":39,"column":2},"end":{"line":41,"column":3}},"type":"if","locations":[{"start":{"line":39,"column":2},"end":{"line":41,"column":3}},{"start":{},"end":{}}],"line":39},"2":{"loc":{"start":{"line":39,"column":6},"end":{"line":39,"column":102}},"type":"binary-expr","locations":[{"start":{"line":39,"column":6},"end":{"line":39,"column":12}},{"start":{"line":39,"column":16},"end":{"line":39,"column":34}},{"start":{"line":39,"column":38},"end":{"line":39,"column":47}},{"start":{"line":39,"column":51},"end":{"line":39,"column":72}},{"start":{"line":39,"column":76},"end":{"line":39,"column":81}},{"start":{"line":39,"column":85},"end":{"line":39,"column":102}}],"line":39},"3":{"loc":{"start":{"line":46,"column":2},"end":{"line":46,"column":96}},"type":"if","locations":[{"start":{"line":46,"column":2},"end":{"line":46,"column":96}},{"start":{},"end":{}}],"line":46},"4":{"loc":{"start":{"line":47,"column":2},"end":{"line":47,"column":167}},"type":"if","locations":[{"start":{"line":47,"column":2},"end":{"line":47,"column":167}},{"start":{},"end":{}}],"line":47},"5":{"loc":{"start":{"line":51,"column":4},"end":{"line":53,"column":5}},"type":"if","locations":[{"start":{"line":51,"column":4},"end":{"line":53,"column":5}},{"start":{},"end":{}}],"line":51},"6":{"loc":{"start":{"line":90,"column":2},"end":{"line":92,"column":3}},"type":"if","locations":[{"start":{"line":90,"column":2},"end":{"line":92,"column":3}},{"start":{},"end":{}}],"line":90},"7":{"loc":{"start":{"line":90,"column":6},"end":{"line":90,"column":72}},"type":"binary-expr","locations":[{"start":{"line":90,"column":6},"end":{"line":90,"column":12}},{"start":{"line":90,"column":16},"end":{"line":90,"column":34}},{"start":{"line":90,"column":38},"end":{"line":90,"column":47}},{"start":{"line":90,"column":51},"end":{"line":90,"column":72}}],"line":90},"8":{"loc":{"start":{"line":96,"column":4},"end":{"line":98,"column":5}},"type":"if","locations":[{"start":{"line":96,"column":4},"end":{"line":98,"column":5}},{"start":{},"end":{}}],"line":96},"9":{"loc":{"start":{"line":101,"column":4},"end":{"line":103,"column":5}},"type":"if","locations":[{"start":{"line":101,"column":4},"end":{"line":103,"column":5}},{"start":{},"end":{}}],"line":101},"10":{"loc":{"start":{"line":107,"column":4},"end":{"line":107,"column":56}},"type":"if","locations":[{"start":{"line":107,"column":4},"end":{"line":107,"column":56}},{"start":{},"end":{}}],"line":107},"11":{"loc":{"start":{"line":125,"column":2},"end":{"line":129,"column":3}},"type":"if","locations":[{"start":{"line":125,"column":2},"end":{"line":129,"column":3}},{"start":{},"end":{}}],"line":125},"12":{"loc":{"start":{"line":127,"column":4},"end":{"line":127,"column":41}},"type":"if","locations":[{"start":{"line":127,"column":4},"end":{"line":127,"column":41}},{"start":{},"end":{}}],"line":127},"13":{"loc":{"start":{"line":137,"column":2},"end":{"line":139,"column":3}},"type":"if","locations":[{"start":{"line":137,"column":2},"end":{"line":139,"column":3}},{"start":{},"end":{}}],"line":137},"14":{"loc":{"start":{"line":137,"column":6},"end":{"line":137,"column":48}},"type":"binary-expr","locations":[{"start":{"line":137,"column":6},"end":{"line":137,"column":16}},{"start":{"line":137,"column":20},"end":{"line":137,"column":48}}],"line":137},"15":{"loc":{"start":{"line":146,"column":2},"end":{"line":151,"column":3}},"type":"if","locations":[{"start":{"line":146,"column":2},"end":{"line":151,"column":3}},{"start":{},"end":{}}],"line":146},"16":{"loc":{"start":{"line":148,"column":4},"end":{"line":148,"column":71}},"type":"if","locations":[{"start":{"line":148,"column":4},"end":{"line":148,"column":71}},{"start":{},"end":{}}],"line":148}},"s":{"0":1,"1":1,"2":1,"3":1,"4":5,"5":5,"6":1,"7":8,"8":8,"9":1,"10":7,"11":7,"12":7,"13":1,"14":6,"15":1,"16":5,"17":5,"18":4,"19":1,"20":3,"21":3,"22":3,"23":3,"24":3,"25":3,"26":3,"27":3,"28":3,"29":3,"30":1,"31":1,"32":1,"33":6,"34":6,"35":1,"36":5,"37":5,"38":4,"39":1,"40":3,"41":3,"42":1,"43":2,"44":2,"45":1,"46":2,"47":2,"48":2,"49":2,"50":2,"51":1,"52":1,"53":1,"54":1,"55":1,"56":1,"57":1,"58":1,"59":1,"60":1,"61":1,"62":9,"63":9,"64":2,"65":7,"66":7,"67":1,"68":2,"69":2,"70":1,"71":1,"72":0,"73":1,"74":1,"75":2},"f":{"0":5,"1":8,"2":6,"3":1,"4":9,"5":2},"b":{"0":[5,5,5],"1":[1,7],"2":[8,7,7,7,7,7],"3":[1,6],"4":[1,5],"5":[1,3],"6":[1,5],"7":[6,5,5,5],"8":[1,3],"9":[1,2],"10":[1,1],"11":[1,0],"12":[1,0],"13":[2,7],"14":[9,8],"15":[1,1],"16":[0,1]},"inputSourceMap":null,"_coverageSchema":"1a1c01bbd47fc00a2c39e90264f33305004495a9","hash":"d0bb2200e9fc8392b85a8268c259601deabdc160"}
}
