{"C:\\Users\\Lenovo\\.gemini\\antigravity\\scratch\\Carbon-Footprint-Awareness-Platform\\src\\calculator.js": {"path":"C:\\Users\\Lenovo\\.gemini\\antigravity\\scratch\\Carbon-Footprint-Awareness-Platform\\src\\calculator.js","statementMap":{"0":{"start":{"line":5,"column":18},"end":{"line":23,"column":1}},"1":{"start":{"line":35,"column":2},"end":{"line":40,"column":4}},"2":{"start":{"line":54,"column":4},"end":{"line":58,"column":30}},"3":{"start":{"line":59,"column":2},"end":{"line":59,"column":100}},"4":{"start":{"line":73,"column":2},"end":{"line":80,"column":4}},"5":{"start":{"line":92,"column":2},"end":{"line":96,"column":4}}},"fnMap":{"0":{"name":"calculateTransportCO2","decl":{"start":{"line":34,"column":16},"end":{"line":34,"column":37}},"loc":{"start":{"line":34,"column":92},"end":{"line":41,"column":1}},"line":34},"1":{"name":"calculateEnergyCO2","decl":{"start":{"line":52,"column":16},"end":{"line":52,"column":34}},"loc":{"start":{"line":52,"column":91},"end":{"line":60,"column":1}},"line":52},"2":{"name":"calculateFoodCO2","decl":{"start":{"line":72,"column":16},"end":{"line":72,"column":32}},"loc":{"start":{"line":72,"column":90},"end":{"line":81,"column":1}},"line":72},"3":{"name":"calculateWasteCO2","decl":{"start":{"line":91,"column":16},"end":{"line":91,"column":33}},"loc":{"start":{"line":91,"column":89},"end":{"line":97,"column":1}},"line":91}},"branchMap":{"0":{"loc":{"start":{"line":54,"column":4},"end":{"line":58,"column":30}},"type":"cond-expr","locations":[{"start":{"line":55,"column":8},"end":{"line":55,"column":23}},{"start":{"line":56,"column":8},"end":{"line":58,"column":30}}],"line":54},"1":{"loc":{"start":{"line":56,"column":8},"end":{"line":58,"column":30}},"type":"cond-expr","locations":[{"start":{"line":57,"column":10},"end":{"line":57,"column":28}},{"start":{"line":58,"column":10},"end":{"line":58,"column":30}}],"line":56}},"s":{"0":1,"1":2,"2":2,"3":2,"4":2,"5":2},"f":{"0":2,"1":2,"2":2,"3":2},"b":{"0":[1,1],"1":[0,1]},"_coverageSchema":"1a1c01bbd47fc00a2c39e90264f33305004495a9","hash":"9add4bbd81ba2ac1b2b45ed01e7481485868da09"}
}
