TN:
SF:database.js
FNF:0
FNH:0
DA:10,1
DA:11,1
DA:14,1
DA:17,1
DA:19,1
DA:22,1
LF:6
LH:6
BRF:0
BRH:0
end_of_record
TN:
SF:server.js
FN:13,(anonymous_0)
FN:16,(anonymous_1)
FN:28,(anonymous_2)
FN:46,(anonymous_3)
FN:47,(anonymous_4)
FN:59,(anonymous_5)
FN:75,(anonymous_6)
FN:92,(anonymous_7)
FNF:8
FNH:6
FNDA:0,(anonymous_0)
FNDA:0,(anonymous_1)
FNDA:47,(anonymous_2)
FNDA:47,(anonymous_3)
FNDA:47,(anonymous_4)
FNDA:45,(anonymous_5)
FNDA:19,(anonymous_6)
FNDA:1,(anonymous_7)
DA:13,1
DA:14,0
DA:16,1
DA:17,0
DA:18,0
DA:21,1
DA:22,1
DA:24,1
DA:27,1
DA:28,1
DA:29,47
DA:32,47
DA:33,28
DA:39,47
DA:42,1
DA:46,47
DA:47,47
DA:56,1
DA:59,1
DA:60,45
DA:61,18
DA:62,18
DA:63,18
DA:64,1
DA:67,44
DA:71,1
DA:72,1
DA:75,1
DA:76,19
DA:77,19
DA:78,19
DA:79,19
DA:81,0
DA:86,1
DA:91,1
DA:92,1
DA:93,1
LF:37
LH:33
BRDA:32,0,0,28
BRDA:32,0,1,19
BRDA:35,1,0,28
BRDA:35,1,1,28
BRDA:35,1,2,28
BRDA:60,2,0,18
BRDA:60,2,1,27
BRDA:63,3,0,1
BRDA:63,3,1,17
BRDA:63,4,0,18
BRDA:63,4,1,17
BRDA:63,4,2,17
BRDA:91,5,0,1
BRDA:91,5,1,1
BRF:14
BRH:14
end_of_record
TN:
SF:public\src\auth.js
FN:12,login
FN:36,signup
FN:55,logout
FN:64,getCurrentUser
FNF:4
FNH:4
FNDA:2,login
FNDA:3,signup
FNDA:1,logout
FNDA:2,getCurrentUser
DA:13,2
DA:19,2
DA:20,1
DA:21,1
DA:23,1
DA:37,3
DA:38,3
DA:44,3
DA:45,1
DA:46,1
DA:48,2
DA:56,1
DA:65,2
DA:66,2
DA:67,1
LF:15
LH:15
BRDA:19,0,0,1
BRDA:19,0,1,1
BRDA:21,1,0,1
BRDA:21,1,1,0
BRDA:37,2,0,2
BRDA:37,2,1,1
BRDA:44,3,0,1
BRDA:44,3,1,2
BRDA:46,4,0,1
BRDA:46,4,1,0
BRDA:66,5,0,1
BRDA:66,5,1,1
BRF:12
BRH:10
end_of_record
TN:
SF:public\src\calculator.js
FN:34,calculateTransportCO2
FN:52,calculateEnergyCO2
FN:72,calculateFoodCO2
FN:91,calculateWasteCO2
FNF:4
FNH:4
FNDA:15,calculateTransportCO2
FNDA:14,calculateEnergyCO2
FNDA:11,calculateFoodCO2
FNDA:12,calculateWasteCO2
DA:5,1
DA:35,15
DA:54,14
DA:59,14
DA:73,11
DA:92,12
LF:6
LH:6
BRDA:54,0,0,11
BRDA:54,0,1,3
BRDA:56,1,0,1
BRDA:56,1,1,2
BRF:4
BRH:4
end_of_record
TN:
SF:public\src\charts.js
FN:20,setCanvasAria
FN:31,updateCategoryDonut
FN:33,(anonymous_2)
FN:39,(anonymous_3)
FN:78,(anonymous_4)
FN:88,getFilteredLogs
FN:94,(anonymous_6)
FN:98,renderTrendChart
FN:100,(anonymous_8)
FN:101,(anonymous_9)
FN:131,(anonymous_10)
FN:135,(anonymous_11)
FN:150,renderCategoryBarChart
FN:153,(anonymous_13)
FN:183,(anonymous_14)
FN:190,renderBreakdownChart
FN:193,(anonymous_16)
FN:199,(anonymous_17)
FN:227,updateAnalyticsStats
FN:232,(anonymous_19)
FN:236,(anonymous_20)
FN:242,(anonymous_21)
FN:245,(anonymous_22)
FNF:23
FNH:19
FNDA:12,setCanvasAria
FNDA:3,updateCategoryDonut
FNDA:1,(anonymous_2)
FNDA:12,(anonymous_3)
FNDA:12,(anonymous_4)
FNDA:15,getFilteredLogs
FNDA:12,(anonymous_6)
FNDA:4,renderTrendChart
FNDA:4,(anonymous_8)
FNDA:4,(anonymous_9)
FNDA:0,(anonymous_10)
FNDA:0,(anonymous_11)
FNDA:2,renderCategoryBarChart
FNDA:1,(anonymous_13)
FNDA:0,(anonymous_14)
FNDA:3,renderBreakdownChart
FNDA:1,(anonymous_16)
FNDA:12,(anonymous_17)
FNDA:6,updateAnalyticsStats
FNDA:0,(anonymous_19)
FNDA:5,(anonymous_20)
FNDA:15,(anonymous_21)
FNDA:5,(anonymous_22)
DA:11,2
DA:21,12
DA:22,12
DA:32,3
DA:33,3
DA:34,1
DA:35,1
DA:36,1
DA:37,1
DA:39,12
DA:41,3
DA:43,3
DA:44,3
DA:46,3
DA:47,3
DA:48,3
DA:49,3
DA:51,3
DA:52,3
DA:76,3
DA:77,3
DA:78,12
DA:89,15
DA:90,15
DA:91,15
DA:92,12
DA:93,11
DA:94,15
DA:99,4
DA:100,4
DA:101,4
DA:103,4
DA:104,4
DA:105,4
DA:106,4
DA:108,4
DA:131,0
DA:135,0
DA:140,4
DA:141,2
DA:142,2
DA:143,2
DA:144,2
DA:145,2
DA:151,2
DA:152,2
DA:153,2
DA:154,1
DA:155,1
DA:156,1
DA:157,1
DA:160,2
DA:161,2
DA:162,2
DA:163,2
DA:165,2
DA:183,0
DA:191,3
DA:192,3
DA:193,3
DA:194,1
DA:195,1
DA:196,1
DA:197,1
DA:199,12
DA:201,3
DA:202,3
DA:203,3
DA:204,3
DA:206,3
DA:228,6
DA:229,6
DA:230,6
DA:232,5
DA:233,5
DA:235,5
DA:236,5
DA:237,5
DA:238,5
DA:239,5
DA:240,5
DA:242,15
DA:243,5
DA:245,5
DA:246,5
DA:247,5
DA:248,5
LF:87
LH:84
BRDA:34,0,0,1
BRDA:34,0,1,0
BRDA:35,1,0,1
BRDA:35,1,1,0
BRDA:36,2,0,1
BRDA:36,2,1,0
BRDA:37,3,0,1
BRDA:37,3,1,0
BRDA:51,4,0,1
BRDA:51,4,1,2
BRDA:57,5,0,2
BRDA:57,5,1,1
BRDA:58,6,0,2
BRDA:58,6,1,1
BRDA:91,7,0,3
BRDA:91,7,1,12
BRDA:92,8,0,1
BRDA:92,8,1,11
BRDA:106,9,0,1
BRDA:106,9,1,3
BRDA:111,10,0,2
BRDA:111,10,1,2
BRDA:114,11,0,2
BRDA:114,11,1,2
BRDA:140,12,0,2
BRDA:140,12,1,2
BRDA:143,13,0,1
BRDA:143,13,1,1
BRDA:144,14,0,1
BRDA:144,14,1,1
BRDA:145,15,0,1
BRDA:145,15,1,1
BRDA:154,16,0,1
BRDA:154,16,1,0
BRDA:155,17,0,1
BRDA:155,17,1,0
BRDA:156,18,0,1
BRDA:156,18,1,0
BRDA:157,19,0,1
BRDA:157,19,1,0
BRDA:163,20,0,1
BRDA:163,20,1,1
BRDA:194,21,0,1
BRDA:194,21,1,0
BRDA:195,22,0,1
BRDA:195,22,1,0
BRDA:196,23,0,1
BRDA:196,23,1,0
BRDA:197,24,0,1
BRDA:197,24,1,0
BRDA:204,25,0,1
BRDA:204,25,1,2
BRDA:211,26,0,1
BRDA:211,26,1,2
BRDA:230,27,0,1
BRDA:230,27,1,5
BRDA:237,28,0,5
BRDA:237,28,1,0
BRDA:238,29,0,5
BRDA:238,29,1,0
BRDA:239,30,0,5
BRDA:239,30,1,0
BRDA:240,31,0,5
BRDA:240,31,1,0
BRDA:249,32,0,4
BRDA:249,32,1,1
BRF:66
BRH:50
end_of_record
TN:
SF:public\src\gamification.js
FN:22,(anonymous_0)
FN:23,(anonymous_1)
FN:24,(anonymous_2)
FN:25,(anonymous_3)
FN:25,(anonymous_4)
FN:26,(anonymous_5)
FN:26,(anonymous_6)
FN:27,(anonymous_7)
FN:27,(anonymous_8)
FN:28,(anonymous_9)
FN:29,(anonymous_10)
FN:38,updateStreak
FN:53,calcPoints
FN:66,checkAchievements
FN:75,(anonymous_14)
FN:79,(anonymous_15)
FN:93,completeChallenge
FN:110,renderChallenges
FN:111,(anonymous_18)
FN:133,renderAchievements
FN:134,(anonymous_20)
FN:151,renderLevels
FN:153,(anonymous_22)
FNF:23
FNH:23
FNDA:6,(anonymous_0)
FNDA:7,(anonymous_1)
FNDA:8,(anonymous_2)
FNDA:7,(anonymous_3)
FNDA:7,(anonymous_4)
FNDA:7,(anonymous_5)
FNDA:5,(anonymous_6)
FNDA:7,(anonymous_7)
FNDA:7,(anonymous_8)
FNDA:7,(anonymous_9)
FNDA:7,(anonymous_10)
FNDA:7,updateStreak
FNDA:4,calcPoints
FNDA:5,checkAchievements
FNDA:40,(anonymous_14)
FNDA:6,(anonymous_15)
FNDA:3,completeChallenge
FNDA:4,renderChallenges
FNDA:24,(anonymous_18)
FNDA:4,renderAchievements
FNDA:32,(anonymous_20)
FNDA:3,renderLevels
FNDA:6,(anonymous_22)
DA:12,3
DA:21,3
DA:22,6
DA:23,7
DA:24,8
DA:25,7
DA:26,7
DA:27,7
DA:28,7
DA:29,7
DA:39,7
DA:40,7
DA:41,6
DA:42,6
DA:43,6
DA:44,6
DA:54,4
DA:55,4
DA:56,4
DA:67,5
DA:74,5
DA:75,5
DA:76,40
DA:77,7
DA:78,7
DA:79,7
DA:94,3
DA:95,2
DA:96,2
DA:97,2
DA:98,2
DA:99,2
DA:100,2
DA:111,4
DA:112,24
DA:113,24
DA:134,4
DA:135,32
DA:136,32
DA:142,4
DA:143,4
DA:152,3
DA:153,6
LF:43
LH:43
BRDA:24,0,0,8
BRDA:24,0,1,7
BRDA:26,1,0,5
BRDA:26,1,1,3
BRDA:40,2,0,6
BRDA:40,2,1,1
BRDA:43,3,0,1
BRDA:43,3,1,5
BRDA:55,4,0,2
BRDA:55,4,1,2
BRDA:55,5,0,1
BRDA:55,5,1,1
BRDA:70,6,0,5
BRDA:70,6,1,2
BRDA:76,7,0,7
BRDA:76,7,1,33
BRDA:76,8,0,40
BRDA:76,8,1,39
BRDA:94,9,0,1
BRDA:94,9,1,2
BRDA:100,10,0,1
BRDA:100,10,1,1
BRDA:113,11,0,3
BRDA:113,11,1,21
BRDA:118,12,0,3
BRDA:118,12,1,21
BRDA:119,13,0,3
BRDA:119,13,1,21
BRDA:120,14,0,3
BRDA:120,14,1,21
BRDA:121,15,0,3
BRDA:121,15,1,21
BRDA:122,16,0,3
BRDA:122,16,1,21
BRDA:136,17,0,3
BRDA:136,17,1,29
BRDA:136,18,0,3
BRDA:136,18,1,29
BRDA:154,19,0,2
BRDA:154,19,1,4
BRDA:158,20,0,2
BRDA:158,20,1,4
BRDA:160,21,0,2
BRDA:160,21,1,4
BRF:44
BRH:44
end_of_record
TN:
SF:public\src\share.js
FN:14,buildShareUrl
FN:25,buildShareMessage
FN:34,renderShareButtons
FN:95,copyShareLink
FN:103,(anonymous_4)
FNF:5
FNH:5
FNDA:6,buildShareUrl
FNDA:6,buildShareMessage
FNDA:5,renderShareButtons
FNDA:4,copyShareLink
FNDA:1,(anonymous_4)
DA:15,6
DA:16,6
DA:17,6
DA:26,6
DA:35,5
DA:36,5
DA:37,5
DA:38,5
DA:40,5
DA:88,5
DA:96,4
DA:97,4
DA:98,3
DA:99,3
DA:100,2
DA:101,2
DA:102,1
DA:103,1
DA:104,1
DA:109,1
DA:110,1
LF:21
LH:21
BRDA:97,0,0,1
BRDA:97,0,1,3
BRDA:101,1,0,1
BRDA:101,1,1,1
BRDA:110,2,0,1
BRDA:110,2,1,0
BRF:6
BRH:5
end_of_record
TN:
SF:public\src\state.js
FN:29,getCsrfToken
FN:35,saveState
FN:51,loadState
FN:67,patchState
FN:76,getLevel
FN:77,(anonymous_5)
FN:80,getMonthKey
FN:84,formatDate
FN:97,debounce
FN:99,(anonymous_9)
FN:101,(anonymous_10)
FNF:11
FNH:11
FNDA:5,getCsrfToken
FNDA:5,saveState
FNDA:3,loadState
FNDA:1,patchState
FNDA:9,getLevel
FNDA:24,(anonymous_5)
FNDA:3,getMonthKey
FNDA:10,formatDate
FNDA:4,debounce
FNDA:6,(anonymous_9)
FNDA:3,(anonymous_10)
DA:7,5
DA:15,5
DA:30,5
DA:31,5
DA:36,5
DA:37,5
DA:46,1
DA:52,3
DA:53,3
DA:54,2
DA:55,1
DA:56,1
DA:59,1
DA:68,1
DA:69,1
DA:77,24
DA:81,3
DA:85,10
DA:99,4
DA:100,6
DA:101,6
LF:21
LH:21
BRDA:31,0,0,5
BRDA:31,0,1,0
BRDA:54,1,0,1
BRDA:54,1,1,1
BRDA:77,2,0,9
BRDA:77,2,1,1
BRDA:77,3,0,24
BRDA:77,3,1,19
BRDA:80,4,0,1
BRDA:97,5,0,0
BRF:10
BRH:8
end_of_record
TN:
SF:routes\api.js
FN:11,(anonymous_0)
FN:22,(anonymous_1)
FNF:2
FNH:2
FNDA:3,(anonymous_0)
FNDA:2,(anonymous_1)
DA:9,1
DA:11,1
DA:12,3
DA:13,3
DA:14,2
DA:15,2
DA:17,1
DA:18,1
DA:22,1
DA:23,2
DA:24,2
DA:26,2
DA:27,0
DA:30,2
DA:31,1
DA:32,1
DA:34,1
DA:35,1
LF:18
LH:17
BRDA:14,0,0,0
BRDA:14,0,1,2
BRDA:26,1,0,0
BRDA:26,1,1,2
BRF:4
BRH:2
end_of_record
TN:
SF:routes\auth.js
FN:25,setAuthCookie
FN:35,(anonymous_1)
FN:88,(anonymous_2)
FN:123,(anonymous_3)
FN:135,requireAuth
FN:144,(anonymous_5)
FNF:6
FNH:6
FNDA:5,setAuthCookie
FNDA:8,(anonymous_1)
FNDA:6,(anonymous_2)
FNDA:1,(anonymous_3)
FNDA:9,requireAuth
FNDA:2,(anonymous_5)
DA:12,1
DA:15,1
DA:17,1
DA:19,1
DA:26,5
DA:27,5
DA:35,1
DA:36,8
DA:39,8
DA:40,1
DA:43,7
DA:44,7
DA:46,7
DA:47,6
DA:49,5
DA:50,5
DA:51,4
DA:52,1
DA:55,3
DA:56,3
DA:58,3
DA:59,3
DA:62,3
DA:74,3
DA:77,3
DA:78,3
DA:79,3
DA:81,3
DA:83,1
DA:84,1
DA:88,1
DA:89,6
DA:90,6
DA:91,1
DA:94,5
DA:95,5
DA:96,4
DA:97,1
DA:100,3
DA:101,3
DA:102,1
DA:106,2
DA:107,2
DA:109,2
DA:110,2
DA:113,2
DA:115,2
DA:116,2
DA:118,1
DA:119,1
DA:123,1
DA:124,1
DA:125,1
DA:126,1
DA:127,1
DA:128,1
DA:130,1
DA:131,1
DA:136,9
DA:137,9
DA:138,2
DA:140,7
DA:141,7
DA:144,1
DA:145,2
DA:146,2
DA:147,1
DA:148,1
DA:149,1
DA:150,1
DA:152,2
LF:71
LH:71
BRDA:29,0,0,5
BRDA:29,0,1,5
BRDA:29,0,2,5
BRDA:39,1,0,1
BRDA:39,1,1,7
BRDA:39,2,0,8
BRDA:39,2,1,7
BRDA:39,2,2,7
BRDA:39,2,3,7
BRDA:39,2,4,7
BRDA:39,2,5,7
BRDA:46,3,0,1
BRDA:46,3,1,6
BRDA:47,4,0,1
BRDA:47,4,1,5
BRDA:51,5,0,1
BRDA:51,5,1,3
BRDA:90,6,0,1
BRDA:90,6,1,5
BRDA:90,7,0,6
BRDA:90,7,1,5
BRDA:90,7,2,5
BRDA:90,7,3,5
BRDA:96,8,0,1
BRDA:96,8,1,3
BRDA:101,9,0,1
BRDA:101,9,1,2
BRDA:107,10,0,1
BRDA:107,10,1,1
BRDA:125,11,0,1
BRDA:125,11,1,0
BRDA:127,12,0,1
BRDA:127,12,1,0
BRDA:137,13,0,2
BRDA:137,13,1,7
BRDA:137,14,0,9
BRDA:137,14,1,8
BRDA:146,15,0,1
BRDA:146,15,1,1
BRDA:148,16,0,0
BRDA:148,16,1,1
BRF:41
BRH:38
end_of_record
